# Logfile created on 2017-10-24 23:09:24 -0400 by logger.rb/56815
D, [2017-10-24T23:09:24.090971 #14896] DEBUG -- : REQUESTING PAGE: GET /marcador/ with {} and HTTP headers {}
D, [2017-10-24T23:09:44.592040 #14872] DEBUG -- : REQUESTING PAGE: GET /marcador/ with {} and HTTP headers {}
D, [2017-10-24T23:10:15.293537 #10516] DEBUG -- : REQUESTING PAGE: GET /marcador/ with {} and HTTP headers {}
D, [2017-10-24T23:11:12.003374 #4188] DEBUG -- : REQUESTING PAGE: GET /marcador/ with {} and HTTP headers {}
D, [2017-10-24T23:11:43.930403 #8052] DEBUG -- : REQUESTING PAGE: GET /marcador/ with {} and HTTP headers {}
D, [2017-10-24T23:13:40.991060 #14844] DEBUG -- : REQUESTING PAGE: GET /marcador/ with {} and HTTP headers {}
D, [2017-10-24T23:13:41.066610 #14844] DEBUG -- : REQUESTING PAGE: GET /marcador/ with {} and HTTP headers {}
D, [2017-10-24T23:14:04.778356 #2328] DEBUG -- : REQUESTING PAGE: GET /marcador/ with {} and HTTP headers {}
D, [2017-10-24T23:14:04.854831 #2328] DEBUG -- : REQUESTING PAGE: GET /marcador/ with {} and HTTP headers {}
D, [2017-10-24T23:14:32.335686 #13524] DEBUG -- : REQUESTING PAGE: GET /marcador/ with {} and HTTP headers {}
D, [2017-10-24T23:14:32.391723 #13524] DEBUG -- : REQUESTING PAGE: GET /marcador/ with {} and HTTP headers {}
D, [2017-10-24T23:17:59.235832 #3104] DEBUG -- : REQUESTING PAGE: GET /marcador/ with {} and HTTP headers {}
D, [2017-10-24T23:17:59.300878 #3104] DEBUG -- : REQUESTING PAGE: GET /marcador/ with {} and HTTP headers {}
D, [2017-10-24T23:19:43.286421 #12808] DEBUG -- : REQUESTING PAGE: GET /marcador/ with {} and HTTP headers {}
D, [2017-10-24T23:19:43.335639 #12808] DEBUG -- : REQUESTING PAGE: GET /marcador/ with {} and HTTP headers {}
D, [2017-10-24T23:20:05.790649 #6380] DEBUG -- : REQUESTING PAGE: GET /marcador/ with {} and HTTP headers {}
D, [2017-10-24T23:20:05.841685 #6380] DEBUG -- : REQUESTING PAGE: GET /marcador/ with {} and HTTP headers {}
D, [2017-10-24T23:22:09.948745 #6844] DEBUG -- : REQUESTING PAGE: GET /marcador/ with {} and HTTP headers {}
D, [2017-10-24T23:22:10.006782 #6844] DEBUG -- : REQUESTING PAGE: GET /marcador/ with {} and HTTP headers {}
D, [2017-10-24T23:25:51.519961 #10612] DEBUG -- : REQUESTING PAGE: GET /marcador/ with {} and HTTP headers {}
D, [2017-10-24T23:25:51.573497 #10612] DEBUG -- : REQUESTING PAGE: GET /marcador/ with {} and HTTP headers {}
D, [2017-10-24T23:26:08.202806 #244] DEBUG -- : REQUESTING PAGE: GET /marcador/ with {} and HTTP headers {}
D, [2017-10-24T23:26:08.255592 #244] DEBUG -- : REQUESTING PAGE: GET /marcador/ with {} and HTTP headers {}
D, [2017-10-24T23:27:05.861295 #812] DEBUG -- : REQUESTING PAGE: GET /marcador/ with {} and HTTP headers {}
D, [2017-10-24T23:27:05.912829 #812] DEBUG -- : REQUESTING PAGE: GET /marcador/ with {} and HTTP headers {}
D, [2017-10-24T23:27:46.622207 #8588] DEBUG -- : REQUESTING PAGE: GET /marcador/ with {} and HTTP headers {}
D, [2017-10-24T23:27:46.678244 #8588] DEBUG -- : REQUESTING PAGE: GET /marcador/ with {} and HTTP headers {}
D, [2017-10-24T23:28:12.403446 #16044] DEBUG -- : REQUESTING PAGE: GET /marcador/ with {} and HTTP headers {}
D, [2017-10-24T23:28:12.458950 #16044] DEBUG -- : REQUESTING PAGE: GET /marcador/ with {} and HTTP headers {}
D, [2017-10-24T23:28:24.562247 #2116] DEBUG -- : REQUESTING PAGE: GET /marcador/ with {} and HTTP headers {}
D, [2017-10-24T23:28:24.617787 #2116] DEBUG -- : REQUESTING PAGE: GET /marcador/ with {} and HTTP headers {}
D, [2017-10-24T23:29:08.532480 #14644] DEBUG -- : REQUESTING PAGE: GET /marcador/ with {} and HTTP headers {}
D, [2017-10-24T23:30:00.724425 #5220] DEBUG -- : REQUESTING PAGE: GET /marcador/ with {} and HTTP headers {}
D, [2017-10-24T23:30:00.785966 #5220] DEBUG -- : REQUESTING PAGE: GET /marcador/ with {} and HTTP headers {}
D, [2017-10-24T23:30:21.042082 #11376] DEBUG -- : REQUESTING PAGE: GET /marcador/ with {} and HTTP headers {}
D, [2017-10-24T23:30:21.105124 #11376] DEBUG -- : REQUESTING PAGE: GET /marcador/ with {} and HTTP headers {}
D, [2017-10-24T23:31:05.561598 #1436] DEBUG -- : REQUESTING PAGE: GET /marcador/ with {} and HTTP headers {}
D, [2017-10-24T23:31:05.612076 #1436] DEBUG -- : REQUESTING PAGE: GET /marcador/ with {} and HTTP headers {}
D, [2017-10-24T23:32:23.700290 #9720] DEBUG -- : REQUESTING PAGE: GET /marcador/ with {} and HTTP headers {}
D, [2017-10-24T23:32:23.752290 #9720] DEBUG -- : REQUESTING PAGE: GET /marcador/ with {} and HTTP headers {}
D, [2017-10-24T23:33:30.999466 #10212] DEBUG -- : REQUESTING PAGE: GET /marcador/ with {} and HTTP headers {}
D, [2017-10-24T23:33:48.655119 #12572] DEBUG -- : REQUESTING PAGE: GET /marcador/ with {} and HTTP headers {}
D, [2017-10-24T23:34:20.526862 #1176] DEBUG -- : REQUESTING PAGE: GET /marcador/ with {} and HTTP headers {}
D, [2017-10-24T23:34:42.214085 #15168] DEBUG -- : REQUESTING PAGE: GET /marcador/ with {} and HTTP headers {}
D, [2017-10-24T23:34:42.267120 #15168] DEBUG -- : REQUESTING PAGE: GET /marcador/ with {} and HTTP headers {}
D, [2017-10-24T23:35:08.799611 #13216] DEBUG -- : REQUESTING PAGE: GET /marcador with {} and HTTP headers {}
D, [2017-10-24T23:35:08.886170 #13216] DEBUG -- : REQUESTING PAGE: GET /marcador with {} and HTTP headers {}
D, [2017-10-24T23:35:45.842676 #7452] DEBUG -- : REQUESTING PAGE: GET /marcador with {} and HTTP headers {}
D, [2017-10-24T23:35:45.913723 #7452] DEBUG -- : REQUESTING PAGE: GET /marcador with {} and HTTP headers {}
D, [2017-10-24T23:37:07.029042 #6920] DEBUG -- : REQUESTING PAGE: GET /marcador with {} and HTTP headers {}
D, [2017-10-24T23:37:07.182643 #6920] DEBUG -- : REQUESTING PAGE: GET /marcador with {} and HTTP headers {}
D, [2017-10-24T23:37:07.189147 #6920] DEBUG -- : REQUESTING PAGE: GET /marcador with {} and HTTP headers {}
D, [2017-10-24T23:38:12.141781 #9036] DEBUG -- : REQUESTING PAGE: GET /marcador with {} and HTTP headers {}
D, [2017-10-24T23:38:12.221832 #9036] DEBUG -- : REQUESTING PAGE: GET /marcador with {} and HTTP headers {}
D, [2017-10-24T23:38:12.228337 #9036] DEBUG -- : REQUESTING PAGE: GET /marcador with {} and HTTP headers {}
D, [2017-10-24T23:38:12.235344 #9036] DEBUG -- : REQUESTING PAGE: GET /marcador with {} and HTTP headers {}
D, [2017-10-24T23:38:47.733954 #3968] DEBUG -- : REQUESTING PAGE: GET /marcador with {} and HTTP headers {}
D, [2017-10-24T23:38:47.804001 #3968] DEBUG -- : REQUESTING PAGE: GET /marcador with {} and HTTP headers {}
D, [2017-10-24T23:38:47.808504 #3968] DEBUG -- : REQUESTING PAGE: GET /marcador with {} and HTTP headers {}
D, [2017-10-24T23:38:47.814008 #3968] DEBUG -- : REQUESTING PAGE: GET /marcador with {} and HTTP headers {}
D, [2017-10-24T23:39:23.594108 #968] DEBUG -- : REQUESTING PAGE: GET /marcador with {} and HTTP headers {}
D, [2017-10-24T23:39:23.697176 #968] DEBUG -- : REQUESTING PAGE: GET /marcador with {} and HTTP headers {}
D, [2017-10-24T23:39:23.704681 #968] DEBUG -- : REQUESTING PAGE: GET /marcador with {} and HTTP headers {}
D, [2017-10-24T23:39:23.712187 #968] DEBUG -- : REQUESTING PAGE: GET /marcador with {} and HTTP headers {}
D, [2017-10-24T23:39:23.718192 #968] DEBUG -- : REQUESTING PAGE: GET /marcador with {} and HTTP headers {}
D, [2017-10-24T23:39:39.952707 #14028] DEBUG -- : REQUESTING PAGE: GET /marcador with {} and HTTP headers {}
D, [2017-10-24T23:39:40.015245 #14028] DEBUG -- : REQUESTING PAGE: GET /marcador with {} and HTTP headers {}
D, [2017-10-24T23:39:40.028250 #14028] DEBUG -- : REQUESTING PAGE: GET /marcador with {} and HTTP headers {}
D, [2017-10-24T23:39:40.034755 #14028] DEBUG -- : REQUESTING PAGE: GET /marcador with {} and HTTP headers {}
D, [2017-10-24T23:39:40.041259 #14028] DEBUG -- : REQUESTING PAGE: GET /marcador with {} and HTTP headers {}
D, [2017-10-24T23:39:57.965593 #76] DEBUG -- : REQUESTING PAGE: GET /marcador with {} and HTTP headers {}
D, [2017-10-24T23:39:58.027084 #76] DEBUG -- : REQUESTING PAGE: GET /marcador with {} and HTTP headers {}
D, [2017-10-24T23:39:58.035087 #76] DEBUG -- : REQUESTING PAGE: GET /marcador with {} and HTTP headers {}
D, [2017-10-24T23:39:58.041091 #76] DEBUG -- : REQUESTING PAGE: GET /marcador with {} and HTTP headers {}
D, [2017-10-24T23:39:58.046596 #76] DEBUG -- : REQUESTING PAGE: GET /marcador with {} and HTTP headers {}
D, [2017-10-24T23:40:11.619020 #5796] DEBUG -- : REQUESTING PAGE: GET /marcador with {} and HTTP headers {}
D, [2017-10-24T23:40:11.687398 #5796] DEBUG -- : REQUESTING PAGE: GET /marcador with {} and HTTP headers {}
D, [2017-10-24T23:40:11.698905 #5796] DEBUG -- : REQUESTING PAGE: GET /marcador with {} and HTTP headers {}
D, [2017-10-24T23:40:11.704909 #5796] DEBUG -- : REQUESTING PAGE: GET /marcador with {} and HTTP headers {}
D, [2017-10-24T23:40:11.712913 #5796] DEBUG -- : REQUESTING PAGE: GET /marcador with {} and HTTP headers {}
D, [2017-10-24T23:40:40.181422 #13736] DEBUG -- : REQUESTING PAGE: GET /marcador with {} and HTTP headers {}
D, [2017-10-24T23:40:40.253608 #13736] DEBUG -- : REQUESTING PAGE: GET /marcador with {} and HTTP headers {}
D, [2017-10-24T23:40:40.259110 #13736] DEBUG -- : REQUESTING PAGE: GET /marcador with {} and HTTP headers {}
D, [2017-10-24T23:40:40.266617 #13736] DEBUG -- : REQUESTING PAGE: GET /marcador with {} and HTTP headers {}
D, [2017-10-24T23:40:40.273620 #13736] DEBUG -- : REQUESTING PAGE: GET /marcador with {} and HTTP headers {}
D, [2017-10-24T23:40:53.530826 #8568] DEBUG -- : REQUESTING PAGE: GET /marcador with {} and HTTP headers {}
D, [2017-10-24T23:40:53.602873 #8568] DEBUG -- : REQUESTING PAGE: GET /marcador with {} and HTTP headers {}
D, [2017-10-24T23:40:53.608375 #8568] DEBUG -- : REQUESTING PAGE: GET /marcador with {} and HTTP headers {}
D, [2017-10-24T23:40:53.613880 #8568] DEBUG -- : REQUESTING PAGE: GET /marcador with {} and HTTP headers {}
D, [2017-10-24T23:40:53.623822 #8568] DEBUG -- : REQUESTING PAGE: GET /marcador with {} and HTTP headers {}
D, [2017-10-24T23:43:37.155283 #9608] DEBUG -- : REQUESTING PAGE: GET /marcador with {} and HTTP headers {}
D, [2017-10-24T23:43:37.230333 #9608] DEBUG -- : REQUESTING PAGE: GET /marcador with {} and HTTP headers {}
D, [2017-10-24T23:43:37.236339 #9608] DEBUG -- : REQUESTING PAGE: GET /marcador with {} and HTTP headers {}
D, [2017-10-24T23:43:37.243341 #9608] DEBUG -- : REQUESTING PAGE: GET /marcador with {} and HTTP headers {}
D, [2017-10-24T23:43:37.250848 #9608] DEBUG -- : REQUESTING PAGE: GET /marcador with {} and HTTP headers {}
D, [2017-10-24T23:43:37.258853 #9608] DEBUG -- : REQUESTING PAGE: GET /marcador with {} and HTTP headers {}
D, [2017-10-24T23:44:31.175006 #1380] DEBUG -- : REQUESTING PAGE: GET /marcador with {} and HTTP headers {}
D, [2017-10-24T23:44:31.244051 #1380] DEBUG -- : REQUESTING PAGE: GET /marcador with {} and HTTP headers {}
D, [2017-10-24T23:44:31.250136 #1380] DEBUG -- : REQUESTING PAGE: GET /marcador with {} and HTTP headers {}
D, [2017-10-24T23:44:31.261644 #1380] DEBUG -- : REQUESTING PAGE: GET /marcador with {} and HTTP headers {}
D, [2017-10-24T23:44:31.267647 #1380] DEBUG -- : REQUESTING PAGE: GET /marcador with {} and HTTP headers {}
D, [2017-10-24T23:44:31.274151 #1380] DEBUG -- : REQUESTING PAGE: GET /marcador with {} and HTTP headers {}
D, [2017-10-24T23:45:12.658410 #6784] DEBUG -- : REQUESTING PAGE: GET /marcador with {} and HTTP headers {}
D, [2017-10-24T23:45:12.730457 #6784] DEBUG -- : REQUESTING PAGE: GET /marcador with {} and HTTP headers {}
D, [2017-10-24T23:45:12.735968 #6784] DEBUG -- : REQUESTING PAGE: GET /marcador with {} and HTTP headers {}
D, [2017-10-24T23:45:12.747408 #6784] DEBUG -- : REQUESTING PAGE: GET /marcador with {} and HTTP headers {}
D, [2017-10-24T23:45:12.754906 #6784] DEBUG -- : REQUESTING PAGE: GET /marcador with {} and HTTP headers {}
D, [2017-10-24T23:45:12.761410 #6784] DEBUG -- : REQUESTING PAGE: GET /marcador with {} and HTTP headers {}
D, [2017-10-24T23:45:28.635624 #11112] DEBUG -- : REQUESTING PAGE: GET /marcador with {} and HTTP headers {}
D, [2017-10-24T23:45:28.722681 #11112] DEBUG -- : REQUESTING PAGE: GET /marcador with {} and HTTP headers {}
D, [2017-10-24T23:45:28.739692 #11112] DEBUG -- : REQUESTING PAGE: GET /marcador with {} and HTTP headers {}
D, [2017-10-24T23:45:28.751701 #11112] DEBUG -- : REQUESTING PAGE: GET /marcador with {} and HTTP headers {}
D, [2017-10-24T23:45:28.761206 #11112] DEBUG -- : REQUESTING PAGE: GET /marcador with {} and HTTP headers {}
D, [2017-10-24T23:45:28.779719 #11112] DEBUG -- : REQUESTING PAGE: GET /marcador with {} and HTTP headers {}
D, [2017-10-24T23:45:59.042015 #6784] DEBUG -- : REQUESTING PAGE: GET /marcador with {} and HTTP headers {}
D, [2017-10-24T23:45:59.114062 #6784] DEBUG -- : REQUESTING PAGE: GET /marcador with {} and HTTP headers {}
D, [2017-10-24T23:45:59.120067 #6784] DEBUG -- : REQUESTING PAGE: GET /marcador with {} and HTTP headers {}
D, [2017-10-24T23:45:59.129071 #6784] DEBUG -- : REQUESTING PAGE: GET /marcador with {} and HTTP headers {}
D, [2017-10-24T23:45:59.135576 #6784] DEBUG -- : REQUESTING PAGE: GET /marcador with {} and HTTP headers {}
D, [2017-10-24T23:45:59.142580 #6784] DEBUG -- : REQUESTING PAGE: GET /marcador with {} and HTTP headers {}
D, [2017-10-24T23:46:22.406198 #4732] DEBUG -- : REQUESTING PAGE: GET /marcador with {} and HTTP headers {}
D, [2017-10-24T23:46:22.482248 #4732] DEBUG -- : REQUESTING PAGE: GET /marcador with {} and HTTP headers {}
D, [2017-10-24T23:46:22.497758 #4732] DEBUG -- : REQUESTING PAGE: GET /marcador with {} and HTTP headers {}
D, [2017-10-24T23:46:22.509265 #4732] DEBUG -- : REQUESTING PAGE: GET /marcador with {} and HTTP headers {}
D, [2017-10-24T23:46:22.518772 #4732] DEBUG -- : REQUESTING PAGE: GET /marcador with {} and HTTP headers {}
D, [2017-10-24T23:46:22.530780 #4732] DEBUG -- : REQUESTING PAGE: GET /marcador with {} and HTTP headers {}
D, [2017-10-24T23:47:20.485342 #736] DEBUG -- : REQUESTING PAGE: GET /marcador with {} and HTTP headers {}
D, [2017-10-24T23:47:20.565396 #736] DEBUG -- : REQUESTING PAGE: GET /marcador with {} and HTTP headers {}
D, [2017-10-24T23:47:20.570898 #736] DEBUG -- : REQUESTING PAGE: GET /marcador with {} and HTTP headers {}
D, [2017-10-24T23:47:20.579904 #736] DEBUG -- : REQUESTING PAGE: GET /marcador with {} and HTTP headers {}
D, [2017-10-24T23:47:20.587909 #736] DEBUG -- : REQUESTING PAGE: GET /marcador with {} and HTTP headers {}
D, [2017-10-24T23:47:20.595914 #736] DEBUG -- : REQUESTING PAGE: GET /marcador with {} and HTTP headers {}
D, [2017-10-24T23:47:20.601420 #736] DEBUG -- : REQUESTING PAGE: POST /marcador with {} and HTTP headers {"HTTP_REFERER"=>"/marcador"}
D, [2017-10-24T23:47:47.639449 #12604] DEBUG -- : REQUESTING PAGE: GET /marcador with {} and HTTP headers {}
D, [2017-10-24T23:47:47.722409 #12604] DEBUG -- : REQUESTING PAGE: GET /marcador with {} and HTTP headers {}
D, [2017-10-24T23:47:47.729414 #12604] DEBUG -- : REQUESTING PAGE: GET /marcador with {} and HTTP headers {}
D, [2017-10-24T23:47:47.736417 #12604] DEBUG -- : REQUESTING PAGE: GET /marcador with {} and HTTP headers {}
D, [2017-10-24T23:47:47.742927 #12604] DEBUG -- : REQUESTING PAGE: GET /marcador with {} and HTTP headers {}
D, [2017-10-24T23:47:47.750427 #12604] DEBUG -- : REQUESTING PAGE: GET /marcador with {} and HTTP headers {}
D, [2017-10-24T23:47:47.757933 #12604] DEBUG -- : REQUESTING PAGE: POST /marcador with {} and HTTP headers {"HTTP_REFERER"=>"/marcador"}
D, [2017-10-24T23:47:47.770440 #12604] DEBUG -- : REQUESTING PAGE: GET /marcador with {} and HTTP headers {}
D, [2017-10-24T23:48:05.063607 #8428] DEBUG -- : REQUESTING PAGE: GET /marcador with {} and HTTP headers {}
D, [2017-10-24T23:48:05.135657 #8428] DEBUG -- : REQUESTING PAGE: GET /marcador with {} and HTTP headers {}
D, [2017-10-24T23:48:05.143661 #8428] DEBUG -- : REQUESTING PAGE: GET /marcador with {} and HTTP headers {}
D, [2017-10-24T23:48:05.152666 #8428] DEBUG -- : REQUESTING PAGE: GET /marcador with {} and HTTP headers {}
D, [2017-10-24T23:48:05.159672 #8428] DEBUG -- : REQUESTING PAGE: GET /marcador with {} and HTTP headers {}
D, [2017-10-24T23:48:05.173681 #8428] DEBUG -- : REQUESTING PAGE: GET /marcador with {} and HTTP headers {}
D, [2017-10-24T23:48:05.227225 #8428] DEBUG -- : REQUESTING PAGE: POST /marcador with {} and HTTP headers {"HTTP_REFERER"=>"/marcador"}
D, [2017-10-24T23:48:05.241232 #8428] DEBUG -- : REQUESTING PAGE: GET /marcador with {} and HTTP headers {}
D, [2017-10-24T23:48:05.246236 #8428] DEBUG -- : REQUESTING PAGE: POST /marcador with {} and HTTP headers {"HTTP_REFERER"=>"/marcador"}
D, [2017-10-24T23:48:41.766184 #5704] DEBUG -- : REQUESTING PAGE: GET /marcador with {} and HTTP headers {}
D, [2017-10-24T23:48:41.890267 #5704] DEBUG -- : REQUESTING PAGE: GET /marcador with {} and HTTP headers {}
D, [2017-10-24T23:48:41.898772 #5704] DEBUG -- : REQUESTING PAGE: GET /marcador with {} and HTTP headers {}
D, [2017-10-24T23:48:41.908779 #5704] DEBUG -- : REQUESTING PAGE: GET /marcador with {} and HTTP headers {}
D, [2017-10-24T23:48:41.928792 #5704] DEBUG -- : REQUESTING PAGE: GET /marcador with {} and HTTP headers {}
D, [2017-10-24T23:48:41.937798 #5704] DEBUG -- : REQUESTING PAGE: GET /marcador with {} and HTTP headers {}
D, [2017-10-24T23:48:41.943801 #5704] DEBUG -- : REQUESTING PAGE: POST /marcador with {} and HTTP headers {"HTTP_REFERER"=>"/marcador"}
D, [2017-10-24T23:48:41.972821 #5704] DEBUG -- : REQUESTING PAGE: GET /marcador with {} and HTTP headers {}
D, [2017-10-24T23:48:41.980827 #5704] DEBUG -- : REQUESTING PAGE: POST /marcador with {} and HTTP headers {"HTTP_REFERER"=>"/marcador"}
D, [2017-10-24T23:50:44.532079 #14392] DEBUG -- : REQUESTING PAGE: GET /marcador with {} and HTTP headers {}
D, [2017-10-24T23:50:44.629142 #14392] DEBUG -- : REQUESTING PAGE: GET /marcador with {} and HTTP headers {}
D, [2017-10-24T23:50:44.634646 #14392] DEBUG -- : REQUESTING PAGE: GET /marcador with {} and HTTP headers {}
D, [2017-10-24T23:50:44.639651 #14392] DEBUG -- : REQUESTING PAGE: GET /marcador with {} and HTTP headers {}
D, [2017-10-24T23:50:44.645154 #14392] DEBUG -- : REQUESTING PAGE: GET /marcador with {} and HTTP headers {}
D, [2017-10-24T23:50:44.650659 #14392] DEBUG -- : REQUESTING PAGE: GET /marcador with {} and HTTP headers {}
D, [2017-10-24T23:50:44.655661 #14392] DEBUG -- : REQUESTING PAGE: POST /marcador with {} and HTTP headers {"HTTP_REFERER"=>"/marcador"}
D, [2017-10-24T23:50:44.669670 #14392] DEBUG -- : REQUESTING PAGE: GET /marcador with {} and HTTP headers {}
D, [2017-10-24T23:50:44.674174 #14392] DEBUG -- : REQUESTING PAGE: POST /marcador with {} and HTTP headers {"HTTP_REFERER"=>"/marcador"}
D, [2017-10-24T23:50:44.682182 #14392] DEBUG -- : REQUESTING PAGE: GET /marcador with {} and HTTP headers {}
D, [2017-10-24T23:53:00.792920 #13524] DEBUG -- : REQUESTING PAGE: GET /marcador with {} and HTTP headers {}
D, [2017-10-24T23:53:00.888484 #13524] DEBUG -- : REQUESTING PAGE: GET /marcador with {} and HTTP headers {}
D, [2017-10-24T23:53:00.898990 #13524] DEBUG -- : REQUESTING PAGE: GET /marcador with {} and HTTP headers {}
D, [2017-10-24T23:53:00.909998 #13524] DEBUG -- : REQUESTING PAGE: GET /marcador with {} and HTTP headers {}
D, [2017-10-24T23:53:00.922508 #13524] DEBUG -- : REQUESTING PAGE: GET /marcador with {} and HTTP headers {}
D, [2017-10-24T23:53:00.937016 #13524] DEBUG -- : REQUESTING PAGE: GET /marcador with {} and HTTP headers {}
D, [2017-10-24T23:53:00.942520 #13524] DEBUG -- : REQUESTING PAGE: POST /marcador with {} and HTTP headers {"HTTP_REFERER"=>"/marcador"}
D, [2017-10-24T23:53:00.960031 #13524] DEBUG -- : REQUESTING PAGE: GET /marcador with {} and HTTP headers {}
D, [2017-10-24T23:53:00.966536 #13524] DEBUG -- : REQUESTING PAGE: POST /marcador with {} and HTTP headers {"HTTP_REFERER"=>"/marcador"}
D, [2017-10-24T23:53:00.976543 #13524] DEBUG -- : REQUESTING PAGE: GET /marcador with {} and HTTP headers {}
D, [2017-10-24T23:53:16.077249 #12008] DEBUG -- : REQUESTING PAGE: GET /marcador with {} and HTTP headers {}
D, [2017-10-24T23:53:16.145295 #12008] DEBUG -- : REQUESTING PAGE: GET /marcador with {} and HTTP headers {}
D, [2017-10-24T23:53:16.150798 #12008] DEBUG -- : REQUESTING PAGE: GET /marcador with {} and HTTP headers {}
D, [2017-10-24T23:53:16.157302 #12008] DEBUG -- : REQUESTING PAGE: GET /marcador with {} and HTTP headers {}
D, [2017-10-24T23:53:16.162305 #12008] DEBUG -- : REQUESTING PAGE: GET /marcador with {} and HTTP headers {}
D, [2017-10-24T23:53:16.167808 #12008] DEBUG -- : REQUESTING PAGE: GET /marcador with {} and HTTP headers {}
D, [2017-10-24T23:53:16.172812 #12008] DEBUG -- : REQUESTING PAGE: POST /marcador with {} and HTTP headers {"HTTP_REFERER"=>"/marcador"}
D, [2017-10-24T23:53:16.184819 #12008] DEBUG -- : REQUESTING PAGE: GET /marcador with {} and HTTP headers {}
D, [2017-10-24T23:53:16.190323 #12008] DEBUG -- : REQUESTING PAGE: POST /marcador with {} and HTTP headers {"HTTP_REFERER"=>"/marcador"}
D, [2017-10-24T23:53:16.198831 #12008] DEBUG -- : REQUESTING PAGE: GET /marcador with {} and HTTP headers {}
D, [2017-10-24T23:53:16.204333 #12008] DEBUG -- : REQUESTING PAGE: POST /marcador with {} and HTTP headers {"HTTP_REFERER"=>"/marcador"}
D, [2017-10-25T00:01:14.252708 #804] DEBUG -- : REQUESTING PAGE: GET /marcador with {} and HTTP headers {}
D, [2017-10-25T00:01:14.338316 #804] DEBUG -- : REQUESTING PAGE: GET /marcador with {} and HTTP headers {}
D, [2017-10-25T00:01:14.344320 #804] DEBUG -- : REQUESTING PAGE: GET /marcador with {} and HTTP headers {}
D, [2017-10-25T00:01:14.350831 #804] DEBUG -- : REQUESTING PAGE: GET /marcador with {} and HTTP headers {}
D, [2017-10-25T00:01:14.359331 #804] DEBUG -- : REQUESTING PAGE: GET /marcador with {} and HTTP headers {}
D, [2017-10-25T00:01:14.365824 #804] DEBUG -- : REQUESTING PAGE: GET /marcador with {} and HTTP headers {}
D, [2017-10-25T00:01:14.370829 #804] DEBUG -- : REQUESTING PAGE: POST /marcador with {} and HTTP headers {"HTTP_REFERER"=>"/marcador"}
D, [2017-10-25T00:01:14.383838 #804] DEBUG -- : REQUESTING PAGE: GET /marcador with {} and HTTP headers {}
D, [2017-10-25T00:01:14.388839 #804] DEBUG -- : REQUESTING PAGE: POST /marcador with {} and HTTP headers {"HTTP_REFERER"=>"/marcador"}
D, [2017-10-25T00:01:14.395345 #804] DEBUG -- : REQUESTING PAGE: GET /marcador with {} and HTTP headers {}
D, [2017-10-25T00:01:14.399347 #804] DEBUG -- : REQUESTING PAGE: POST /marcador with {} and HTTP headers {"HTTP_REFERER"=>"/marcador"}
D, [2017-10-25T00:37:20.710698 #9692] DEBUG -- : REQUESTING PAGE: GET /marcador with {} and HTTP headers {}
D, [2017-10-25T00:37:20.790279 #9692] DEBUG -- : REQUESTING PAGE: GET /marcador with {} and HTTP headers {}
D, [2017-10-25T00:37:20.795284 #9692] DEBUG -- : REQUESTING PAGE: GET /marcador with {} and HTTP headers {}
D, [2017-10-25T00:37:20.795284 #9692] DEBUG -- : REQUESTING PAGE: GET /marcador with {} and HTTP headers {}
D, [2017-10-25T00:37:20.795284 #9692] DEBUG -- : REQUESTING PAGE: GET /marcador with {} and HTTP headers {}
D, [2017-10-25T00:37:20.810912 #9692] DEBUG -- : REQUESTING PAGE: GET /marcador with {} and HTTP headers {}
D, [2017-10-25T00:37:20.820650 #9692] DEBUG -- : REQUESTING PAGE: POST /marcador with {} and HTTP headers {"HTTP_REFERER"=>"/marcador"}
D, [2017-10-25T00:37:20.831221 #9692] DEBUG -- : REQUESTING PAGE: GET /marcador with {} and HTTP headers {}
D, [2017-10-25T00:37:20.835224 #9692] DEBUG -- : REQUESTING PAGE: POST /marcador with {} and HTTP headers {"HTTP_REFERER"=>"/marcador"}
D, [2017-10-25T00:37:20.850235 #9692] DEBUG -- : REQUESTING PAGE: GET /marcador with {} and HTTP headers {}
D, [2017-10-25T00:37:20.855236 #9692] DEBUG -- : REQUESTING PAGE: POST /marcador with {} and HTTP headers {"HTTP_REFERER"=>"/marcador"}
D, [2017-10-25T00:37:20.862241 #9692] DEBUG -- : REQUESTING PAGE: GET /marcador with {} and HTTP headers {}
D, [2017-10-25T00:37:20.867246 #9692] DEBUG -- : REQUESTING PAGE: POST /marcador with {} and HTTP headers {"HTTP_REFERER"=>"/marcador"}
D, [2017-10-25T00:38:39.023792 #13464] DEBUG -- : REQUESTING PAGE: GET /marcador with {} and HTTP headers {}
D, [2017-10-25T00:38:39.135875 #13464] DEBUG -- : REQUESTING PAGE: GET /marcador with {} and HTTP headers {}
D, [2017-10-25T00:38:39.149885 #13464] DEBUG -- : REQUESTING PAGE: GET /marcador with {} and HTTP headers {}
D, [2017-10-25T00:38:39.160893 #13464] DEBUG -- : REQUESTING PAGE: GET /marcador with {} and HTTP headers {}
D, [2017-10-25T00:38:39.168897 #13464] DEBUG -- : REQUESTING PAGE: GET /marcador with {} and HTTP headers {}
D, [2017-10-25T00:38:39.174900 #13464] DEBUG -- : REQUESTING PAGE: GET /marcador with {} and HTTP headers {}
D, [2017-10-25T00:38:39.180904 #13464] DEBUG -- : REQUESTING PAGE: POST /marcador with {} and HTTP headers {"HTTP_REFERER"=>"/marcador"}
D, [2017-10-25T00:38:39.201424 #13464] DEBUG -- : REQUESTING PAGE: GET /marcador with {} and HTTP headers {}
D, [2017-10-25T00:38:39.207427 #13464] DEBUG -- : REQUESTING PAGE: POST /marcador with {} and HTTP headers {"HTTP_REFERER"=>"/marcador"}
D, [2017-10-25T00:38:39.216940 #13464] DEBUG -- : REQUESTING PAGE: GET /marcador with {} and HTTP headers {}
D, [2017-10-25T00:38:39.256966 #13464] DEBUG -- : REQUESTING PAGE: POST /marcador with {} and HTTP headers {"HTTP_REFERER"=>"/marcador"}
D, [2017-10-25T00:38:39.267973 #13464] DEBUG -- : REQUESTING PAGE: GET /marcador with {} and HTTP headers {}
D, [2017-10-25T00:38:39.274978 #13464] DEBUG -- : REQUESTING PAGE: POST /marcador with {} and HTTP headers {"HTTP_REFERER"=>"/marcador"}
D, [2017-10-25T00:38:39.284985 #13464] DEBUG -- : REQUESTING PAGE: GET /marcador with {} and HTTP headers {}
D, [2017-10-25T00:38:39.304002 #13464] DEBUG -- : REQUESTING PAGE: POST /marcador with {} and HTTP headers {"HTTP_REFERER"=>"/marcador"}
D, [2017-10-25T00:38:39.316010 #13464] DEBUG -- : REQUESTING PAGE: POST /marcador with {} and HTTP headers {"HTTP_REFERER"=>"/marcador"}
D, [2017-10-25T00:39:31.356914 #15128] DEBUG -- : REQUESTING PAGE: GET /marcador with {} and HTTP headers {}
D, [2017-10-25T00:39:31.433790 #15128] DEBUG -- : REQUESTING PAGE: GET /marcador with {} and HTTP headers {}
D, [2017-10-25T00:39:31.438793 #15128] DEBUG -- : REQUESTING PAGE: GET /marcador with {} and HTTP headers {}
D, [2017-10-25T00:39:31.443285 #15128] DEBUG -- : REQUESTING PAGE: GET /marcador with {} and HTTP headers {}
D, [2017-10-25T00:39:31.448288 #15128] DEBUG -- : REQUESTING PAGE: GET /marcador with {} and HTTP headers {}
D, [2017-10-25T00:39:31.459296 #15128] DEBUG -- : REQUESTING PAGE: GET /marcador with {} and HTTP headers {}
D, [2017-10-25T00:39:31.463298 #15128] DEBUG -- : REQUESTING PAGE: POST /marcador with {} and HTTP headers {"HTTP_REFERER"=>"/marcador"}
D, [2017-10-25T00:39:31.473305 #15128] DEBUG -- : REQUESTING PAGE: GET /marcador with {} and HTTP headers {}
D, [2017-10-25T00:39:31.478309 #15128] DEBUG -- : REQUESTING PAGE: POST /marcador with {} and HTTP headers {"HTTP_REFERER"=>"/marcador"}
D, [2017-10-25T00:39:31.483311 #15128] DEBUG -- : REQUESTING PAGE: GET /marcador with {} and HTTP headers {}
D, [2017-10-25T00:39:31.487314 #15128] DEBUG -- : REQUESTING PAGE: POST /marcador with {} and HTTP headers {"HTTP_REFERER"=>"/marcador"}
D, [2017-10-25T00:39:31.509329 #15128] DEBUG -- : REQUESTING PAGE: GET /marcador with {} and HTTP headers {}
D, [2017-10-25T00:39:31.514332 #15128] DEBUG -- : REQUESTING PAGE: POST /marcador with {} and HTTP headers {"HTTP_REFERER"=>"/marcador"}
D, [2017-10-25T00:59:50.961934 #14996] DEBUG -- : REQUESTING PAGE: GET /marcador with {} and HTTP headers {}
D, [2017-10-25T00:59:51.029579 #14996] DEBUG -- : REQUESTING PAGE: GET /marcador with {} and HTTP headers {}
D, [2017-10-25T00:59:51.049594 #14996] DEBUG -- : REQUESTING PAGE: GET /marcador with {} and HTTP headers {}
D, [2017-10-25T00:59:51.055598 #14996] DEBUG -- : REQUESTING PAGE: GET /marcador with {} and HTTP headers {}
D, [2017-10-25T00:59:51.060600 #14996] DEBUG -- : REQUESTING PAGE: GET /marcador with {} and HTTP headers {}
D, [2017-10-25T00:59:51.067609 #14996] DEBUG -- : REQUESTING PAGE: GET /marcador with {} and HTTP headers {}
D, [2017-10-25T00:59:51.088619 #14996] DEBUG -- : REQUESTING PAGE: POST /PuntoA with {} and HTTP headers {"HTTP_REFERER"=>"/marcador"}
D, [2017-10-25T00:59:51.100628 #14996] DEBUG -- : REQUESTING PAGE: GET /marcador with {} and HTTP headers {}
D, [2017-10-25T00:59:51.104630 #14996] DEBUG -- : REQUESTING PAGE: POST /PuntoB with {} and HTTP headers {"HTTP_REFERER"=>"/marcador"}
D, [2017-10-25T00:59:51.118777 #14996] DEBUG -- : REQUESTING PAGE: GET /marcador with {} and HTTP headers {}
D, [2017-10-25T00:59:51.125782 #14996] DEBUG -- : REQUESTING PAGE: POST /PuntoA with {} and HTTP headers {"HTTP_REFERER"=>"/marcador"}
D, [2017-10-25T00:59:51.170133 #14996] DEBUG -- : REQUESTING PAGE: GET /marcador with {} and HTTP headers {}
D, [2017-10-25T00:59:51.203158 #14996] DEBUG -- : REQUESTING PAGE: POST /PuntoA with {} and HTTP headers {"HTTP_REFERER"=>"/marcador"}
D, [2017-10-25T01:01:04.925107 #10528] DEBUG -- : REQUESTING PAGE: GET /marcador with {} and HTTP headers {}
D, [2017-10-25T01:01:04.987154 #10528] DEBUG -- : REQUESTING PAGE: GET /marcador with {} and HTTP headers {}
D, [2017-10-25T01:01:04.987154 #10528] DEBUG -- : REQUESTING PAGE: GET /marcador with {} and HTTP headers {}
D, [2017-10-25T01:01:05.002782 #10528] DEBUG -- : REQUESTING PAGE: GET /marcador with {} and HTTP headers {}
D, [2017-10-25T01:01:05.028794 #10528] DEBUG -- : REQUESTING PAGE: GET /marcador with {} and HTTP headers {}
D, [2017-10-25T01:01:05.036799 #10528] DEBUG -- : REQUESTING PAGE: GET /marcador with {} and HTTP headers {}
D, [2017-10-25T01:01:05.040802 #10528] DEBUG -- : REQUESTING PAGE: POST /PuntoA with {} and HTTP headers {"HTTP_REFERER"=>"/marcador"}
D, [2017-10-25T01:01:05.064819 #10528] DEBUG -- : REQUESTING PAGE: GET /marcador with {} and HTTP headers {}
D, [2017-10-25T01:01:05.070822 #10528] DEBUG -- : REQUESTING PAGE: POST /PuntoB with {} and HTTP headers {"HTTP_REFERER"=>"/marcador"}
D, [2017-10-25T01:01:05.076336 #10528] DEBUG -- : REQUESTING PAGE: GET /marcador with {} and HTTP headers {}
D, [2017-10-25T01:01:05.087345 #10528] DEBUG -- : REQUESTING PAGE: POST /PuntoA with {} and HTTP headers {"HTTP_REFERER"=>"/marcador"}
D, [2017-10-25T01:01:05.146385 #10528] DEBUG -- : REQUESTING PAGE: GET /marcador with {} and HTTP headers {}
D, [2017-10-25T01:01:05.157393 #10528] DEBUG -- : REQUESTING PAGE: POST /PuntoA with {} and HTTP headers {"HTTP_REFERER"=>"/marcador"}
D, [2017-10-25T01:02:17.625181 #14756] DEBUG -- : REQUESTING PAGE: GET /marcador with {} and HTTP headers {}
D, [2017-10-25T01:02:17.706325 #14756] DEBUG -- : REQUESTING PAGE: GET /marcador with {} and HTTP headers {}
D, [2017-10-25T01:02:17.711328 #14756] DEBUG -- : REQUESTING PAGE: GET /marcador with {} and HTTP headers {}
D, [2017-10-25T01:02:17.717332 #14756] DEBUG -- : REQUESTING PAGE: GET /marcador with {} and HTTP headers {}
D, [2017-10-25T01:02:17.722336 #14756] DEBUG -- : REQUESTING PAGE: GET /marcador with {} and HTTP headers {}
D, [2017-10-25T01:02:17.729579 #14756] DEBUG -- : REQUESTING PAGE: GET /marcador with {} and HTTP headers {}
D, [2017-10-25T01:02:17.739585 #14756] DEBUG -- : REQUESTING PAGE: POST /PuntoA with {} and HTTP headers {"HTTP_REFERER"=>"/marcador"}
D, [2017-10-25T01:02:17.751593 #14756] DEBUG -- : REQUESTING PAGE: GET /marcador with {} and HTTP headers {}
D, [2017-10-25T01:02:17.755596 #14756] DEBUG -- : REQUESTING PAGE: POST /PuntoB with {} and HTTP headers {"HTTP_REFERER"=>"/marcador"}
D, [2017-10-25T01:02:17.762603 #14756] DEBUG -- : REQUESTING PAGE: GET /marcador with {} and HTTP headers {}
D, [2017-10-25T01:02:17.766612 #14756] DEBUG -- : REQUESTING PAGE: POST /PuntoA with {} and HTTP headers {"HTTP_REFERER"=>"/marcador"}
D, [2017-10-25T01:02:17.829256 #14756] DEBUG -- : REQUESTING PAGE: GET /marcador with {} and HTTP headers {}
D, [2017-10-25T01:02:17.842771 #14756] DEBUG -- : REQUESTING PAGE: POST /PuntoA with {} and HTTP headers {"HTTP_REFERER"=>"/marcador"}
D, [2017-10-25T01:05:19.654348 #9316] DEBUG -- : REQUESTING PAGE: GET /marcador with {} and HTTP headers {}
D, [2017-10-25T01:05:19.717984 #9316] DEBUG -- : REQUESTING PAGE: GET /marcador with {} and HTTP headers {}
D, [2017-10-25T01:05:19.717984 #9316] DEBUG -- : REQUESTING PAGE: GET /marcador with {} and HTTP headers {}
D, [2017-10-25T01:05:19.717984 #9316] DEBUG -- : REQUESTING PAGE: GET /marcador with {} and HTTP headers {}
D, [2017-10-25T01:05:19.739277 #9316] DEBUG -- : REQUESTING PAGE: GET /marcador with {} and HTTP headers {}
D, [2017-10-25T01:05:19.739277 #9316] DEBUG -- : REQUESTING PAGE: GET /marcador with {} and HTTP headers {}
D, [2017-10-25T01:05:19.739277 #9316] DEBUG -- : REQUESTING PAGE: POST /PuntoA with {} and HTTP headers {"HTTP_REFERER"=>"/marcador"}
D, [2017-10-25T01:05:19.764362 #9316] DEBUG -- : REQUESTING PAGE: GET /marcador with {} and HTTP headers {}
D, [2017-10-25T01:05:19.769965 #9316] DEBUG -- : REQUESTING PAGE: POST /PuntoB with {} and HTTP headers {"HTTP_REFERER"=>"/marcador"}
D, [2017-10-25T01:05:19.775965 #9316] DEBUG -- : REQUESTING PAGE: GET /marcador with {} and HTTP headers {}
D, [2017-10-25T01:05:19.779968 #9316] DEBUG -- : REQUESTING PAGE: POST /PuntoA with {} and HTTP headers {"HTTP_REFERER"=>"/marcador"}
D, [2017-10-25T01:05:19.831008 #9316] DEBUG -- : REQUESTING PAGE: GET /marcador with {} and HTTP headers {}
D, [2017-10-25T01:05:19.849022 #9316] DEBUG -- : REQUESTING PAGE: POST /PuntoA with {} and HTTP headers {"HTTP_REFERER"=>"/marcador"}
D, [2017-10-25T01:05:27.356711 #11440] DEBUG -- : REQUESTING PAGE: GET /marcador with {} and HTTP headers {}
D, [2017-10-25T01:05:27.406801 #11440] DEBUG -- : REQUESTING PAGE: GET /marcador with {} and HTTP headers {}
D, [2017-10-25T01:05:27.432440 #11440] DEBUG -- : REQUESTING PAGE: GET /marcador with {} and HTTP headers {}
D, [2017-10-25T01:05:27.441247 #11440] DEBUG -- : REQUESTING PAGE: GET /marcador with {} and HTTP headers {}
D, [2017-10-25T01:05:27.449776 #11440] DEBUG -- : REQUESTING PAGE: GET /marcador with {} and HTTP headers {}
D, [2017-10-25T01:05:27.454780 #11440] DEBUG -- : REQUESTING PAGE: GET /marcador with {} and HTTP headers {}
D, [2017-10-25T01:05:27.459783 #11440] DEBUG -- : REQUESTING PAGE: POST /PuntoA with {} and HTTP headers {"HTTP_REFERER"=>"/marcador"}
D, [2017-10-25T01:05:27.473794 #11440] DEBUG -- : REQUESTING PAGE: GET /marcador with {} and HTTP headers {}
D, [2017-10-25T01:05:27.478798 #11440] DEBUG -- : REQUESTING PAGE: POST /PuntoB with {} and HTTP headers {"HTTP_REFERER"=>"/marcador"}
D, [2017-10-25T01:05:27.492806 #11440] DEBUG -- : REQUESTING PAGE: GET /marcador with {} and HTTP headers {}
D, [2017-10-25T01:05:27.497617 #11440] DEBUG -- : REQUESTING PAGE: POST /PuntoA with {} and HTTP headers {"HTTP_REFERER"=>"/marcador"}
D, [2017-10-25T01:05:27.540155 #11440] DEBUG -- : REQUESTING PAGE: GET /marcador with {} and HTTP headers {}
D, [2017-10-25T01:05:27.557165 #11440] DEBUG -- : REQUESTING PAGE: POST /PuntoA with {} and HTTP headers {"HTTP_REFERER"=>"/marcador"}
D, [2017-10-25T01:06:00.717480 #9668] DEBUG -- : REQUESTING PAGE: GET /marcador with {} and HTTP headers {}
D, [2017-10-25T01:06:00.786979 #9668] DEBUG -- : REQUESTING PAGE: GET /marcador with {} and HTTP headers {}
D, [2017-10-25T01:06:00.802607 #9668] DEBUG -- : REQUESTING PAGE: GET /marcador with {} and HTTP headers {}
D, [2017-10-25T01:06:00.802607 #9668] DEBUG -- : REQUESTING PAGE: GET /marcador with {} and HTTP headers {}
D, [2017-10-25T01:06:00.802607 #9668] DEBUG -- : REQUESTING PAGE: GET /marcador with {} and HTTP headers {}
D, [2017-10-25T01:06:00.818231 #9668] DEBUG -- : REQUESTING PAGE: GET /marcador with {} and HTTP headers {}
D, [2017-10-25T01:06:00.838432 #9668] DEBUG -- : REQUESTING PAGE: POST /PuntoA with {} and HTTP headers {"HTTP_REFERER"=>"/marcador"}
D, [2017-10-25T01:06:00.854440 #9668] DEBUG -- : REQUESTING PAGE: GET /marcador with {} and HTTP headers {}
D, [2017-10-25T01:06:00.859443 #9668] DEBUG -- : REQUESTING PAGE: POST /PuntoB with {} and HTTP headers {"HTTP_REFERER"=>"/marcador"}
D, [2017-10-25T01:06:00.881469 #9668] DEBUG -- : REQUESTING PAGE: GET /marcador with {} and HTTP headers {}
D, [2017-10-25T01:06:00.885473 #9668] DEBUG -- : REQUESTING PAGE: POST /PuntoA with {} and HTTP headers {"HTTP_REFERER"=>"/marcador"}
D, [2017-10-25T01:06:00.954024 #9668] DEBUG -- : REQUESTING PAGE: GET /marcador with {} and HTTP headers {}
D, [2017-10-25T01:06:00.967534 #9668] DEBUG -- : REQUESTING PAGE: POST /PuntoA with {} and HTTP headers {"HTTP_REFERER"=>"/marcador"}
D, [2017-10-25T01:07:07.640720 #13240] DEBUG -- : REQUESTING PAGE: GET /marcador with {} and HTTP headers {}
D, [2017-10-25T01:07:07.714291 #13240] DEBUG -- : REQUESTING PAGE: GET /marcador with {} and HTTP headers {}
D, [2017-10-25T01:07:07.714291 #13240] DEBUG -- : REQUESTING PAGE: GET /marcador with {} and HTTP headers {}
D, [2017-10-25T01:07:07.714291 #13240] DEBUG -- : REQUESTING PAGE: GET /marcador with {} and HTTP headers {}
D, [2017-10-25T01:07:07.739573 #13240] DEBUG -- : REQUESTING PAGE: GET /marcador with {} and HTTP headers {}
D, [2017-10-25T01:07:07.747166 #13240] DEBUG -- : REQUESTING PAGE: GET /marcador with {} and HTTP headers {}
D, [2017-10-25T01:07:07.751168 #13240] DEBUG -- : REQUESTING PAGE: POST /PuntoA with {} and HTTP headers {"HTTP_REFERER"=>"/marcador"}
D, [2017-10-25T01:07:07.771182 #13240] DEBUG -- : REQUESTING PAGE: GET /marcador with {} and HTTP headers {}
D, [2017-10-25T01:07:07.776185 #13240] DEBUG -- : REQUESTING PAGE: POST /PuntoA with {} and HTTP headers {"HTTP_REFERER"=>"/marcador"}
D, [2017-10-25T01:07:07.825226 #13240] DEBUG -- : REQUESTING PAGE: GET /marcador with {} and HTTP headers {}
D, [2017-10-25T01:07:07.850247 #13240] DEBUG -- : REQUESTING PAGE: POST /PuntoA with {} and HTTP headers {"HTTP_REFERER"=>"/marcador"}
D, [2017-10-25T01:07:07.855246 #13240] DEBUG -- : REQUESTING PAGE: GET /marcador with {} and HTTP headers {}
D, [2017-10-25T01:07:07.871257 #13240] DEBUG -- : REQUESTING PAGE: POST /PuntoB with {} and HTTP headers {"HTTP_REFERER"=>"/marcador"}
D, [2017-10-25T01:07:24.272976 #11716] DEBUG -- : REQUESTING PAGE: GET /marcador with {} and HTTP headers {}
D, [2017-10-25T01:07:24.337442 #11716] DEBUG -- : REQUESTING PAGE: GET /marcador with {} and HTTP headers {}
D, [2017-10-25T01:07:24.342948 #11716] DEBUG -- : REQUESTING PAGE: GET /marcador with {} and HTTP headers {}
D, [2017-10-25T01:07:24.348955 #11716] DEBUG -- : REQUESTING PAGE: GET /marcador with {} and HTTP headers {}
D, [2017-10-25T01:07:24.353958 #11716] DEBUG -- : REQUESTING PAGE: GET /marcador with {} and HTTP headers {}
D, [2017-10-25T01:07:24.355962 #11716] DEBUG -- : REQUESTING PAGE: GET /marcador with {} and HTTP headers {}
D, [2017-10-25T01:07:24.355962 #11716] DEBUG -- : REQUESTING PAGE: POST /PuntoA with {} and HTTP headers {"HTTP_REFERER"=>"/marcador"}
D, [2017-10-25T01:07:24.378478 #11716] DEBUG -- : REQUESTING PAGE: GET /marcador with {} and HTTP headers {}
D, [2017-10-25T01:07:24.421413 #11716] DEBUG -- : REQUESTING PAGE: POST /PuntoA with {} and HTTP headers {"HTTP_REFERER"=>"/marcador"}
D, [2017-10-25T01:07:24.431419 #11716] DEBUG -- : REQUESTING PAGE: GET /marcador with {} and HTTP headers {}
D, [2017-10-25T01:07:24.435423 #11716] DEBUG -- : REQUESTING PAGE: POST /PuntoA with {} and HTTP headers {"HTTP_REFERER"=>"/marcador"}
D, [2017-10-25T01:07:24.458956 #11716] DEBUG -- : REQUESTING PAGE: GET /marcador with {} and HTTP headers {}
D, [2017-10-25T01:07:24.462958 #11716] DEBUG -- : REQUESTING PAGE: POST /PuntoB with {} and HTTP headers {"HTTP_REFERER"=>"/marcador"}
D, [2017-10-25T01:07:55.781330 #608] DEBUG -- : REQUESTING PAGE: GET /marcador with {} and HTTP headers {}
D, [2017-10-25T01:07:55.858079 #608] DEBUG -- : REQUESTING PAGE: GET /marcador with {} and HTTP headers {}
D, [2017-10-25T01:07:55.866079 #608] DEBUG -- : REQUESTING PAGE: GET /marcador with {} and HTTP headers {}
D, [2017-10-25T01:07:55.890076 #608] DEBUG -- : REQUESTING PAGE: GET /marcador with {} and HTTP headers {}
D, [2017-10-25T01:07:55.897611 #608] DEBUG -- : REQUESTING PAGE: GET /marcador with {} and HTTP headers {}
D, [2017-10-25T01:07:55.903615 #608] DEBUG -- : REQUESTING PAGE: GET /marcador with {} and HTTP headers {}
D, [2017-10-25T01:07:55.907618 #608] DEBUG -- : REQUESTING PAGE: POST /PuntoA with {} and HTTP headers {"HTTP_REFERER"=>"/marcador"}
D, [2017-10-25T01:07:55.926629 #608] DEBUG -- : REQUESTING PAGE: GET /marcador with {} and HTTP headers {}
D, [2017-10-25T01:07:55.931632 #608] DEBUG -- : REQUESTING PAGE: POST /PuntoA with {} and HTTP headers {"HTTP_REFERER"=>"/marcador"}
D, [2017-10-25T01:07:55.950151 #608] DEBUG -- : REQUESTING PAGE: GET /marcador with {} and HTTP headers {}
D, [2017-10-25T01:07:55.959163 #608] DEBUG -- : REQUESTING PAGE: POST /PuntoA with {} and HTTP headers {"HTTP_REFERER"=>"/marcador"}
D, [2017-10-25T01:07:55.964165 #608] DEBUG -- : REQUESTING PAGE: GET /marcador with {} and HTTP headers {}
D, [2017-10-25T01:07:55.968168 #608] DEBUG -- : REQUESTING PAGE: POST /PuntoB with {} and HTTP headers {"HTTP_REFERER"=>"/marcador"}
D, [2017-10-25T01:08:06.117645 #6976] DEBUG -- : REQUESTING PAGE: GET /marcador with {} and HTTP headers {}
D, [2017-10-25T01:08:06.185369 #6976] DEBUG -- : REQUESTING PAGE: GET /marcador with {} and HTTP headers {}
D, [2017-10-25T01:08:06.191372 #6976] DEBUG -- : REQUESTING PAGE: GET /marcador with {} and HTTP headers {}
D, [2017-10-25T01:08:06.196375 #6976] DEBUG -- : REQUESTING PAGE: GET /marcador with {} and HTTP headers {}
D, [2017-10-25T01:08:06.202379 #6976] DEBUG -- : REQUESTING PAGE: GET /marcador with {} and HTTP headers {}
D, [2017-10-25T01:08:06.205696 #6976] DEBUG -- : REQUESTING PAGE: GET /marcador with {} and HTTP headers {}
D, [2017-10-25T01:08:06.205696 #6976] DEBUG -- : REQUESTING PAGE: POST /PuntoA with {} and HTTP headers {"HTTP_REFERER"=>"/marcador"}
D, [2017-10-25T01:08:06.230155 #6976] DEBUG -- : REQUESTING PAGE: GET /marcador with {} and HTTP headers {}
D, [2017-10-25T01:08:06.235771 #6976] DEBUG -- : REQUESTING PAGE: POST /PuntoA with {} and HTTP headers {"HTTP_REFERER"=>"/marcador"}
D, [2017-10-25T01:08:06.253785 #6976] DEBUG -- : REQUESTING PAGE: GET /marcador with {} and HTTP headers {}
D, [2017-10-25T01:08:06.270805 #6976] DEBUG -- : REQUESTING PAGE: POST /PuntoA with {} and HTTP headers {"HTTP_REFERER"=>"/marcador"}
D, [2017-10-25T01:08:06.275283 #6976] DEBUG -- : REQUESTING PAGE: GET /marcador with {} and HTTP headers {}
D, [2017-10-25T01:08:06.279735 #6976] DEBUG -- : REQUESTING PAGE: POST /PuntoB with {} and HTTP headers {"HTTP_REFERER"=>"/marcador"}
D, [2017-10-25T01:08:33.446736 #12596] DEBUG -- : REQUESTING PAGE: GET /marcador with {} and HTTP headers {}
D, [2017-10-25T01:08:33.514287 #12596] DEBUG -- : REQUESTING PAGE: GET /marcador with {} and HTTP headers {}
D, [2017-10-25T01:08:33.514287 #12596] DEBUG -- : REQUESTING PAGE: GET /marcador with {} and HTTP headers {}
D, [2017-10-25T01:08:33.529912 #12596] DEBUG -- : REQUESTING PAGE: GET /marcador with {} and HTTP headers {}
D, [2017-10-25T01:08:33.539847 #12596] DEBUG -- : REQUESTING PAGE: GET /marcador with {} and HTTP headers {}
D, [2017-10-25T01:08:33.546364 #12596] DEBUG -- : REQUESTING PAGE: GET /marcador with {} and HTTP headers {}
D, [2017-10-25T01:08:33.551367 #12596] DEBUG -- : REQUESTING PAGE: POST /PuntoA with {} and HTTP headers {"HTTP_REFERER"=>"/marcador"}
D, [2017-10-25T01:08:33.569885 #12596] DEBUG -- : REQUESTING PAGE: GET /marcador with {} and HTTP headers {}
D, [2017-10-25T01:08:33.575888 #12596] DEBUG -- : REQUESTING PAGE: GET /marcador with {} and HTTP headers {}
D, [2017-10-25T01:08:33.593403 #12596] DEBUG -- : REQUESTING PAGE: POST /PuntoA with {} and HTTP headers {"HTTP_REFERER"=>"/marcador"}
D, [2017-10-25T01:08:33.598408 #12596] DEBUG -- : REQUESTING PAGE: GET /marcador with {} and HTTP headers {}
D, [2017-10-25T01:08:33.611415 #12596] DEBUG -- : REQUESTING PAGE: POST /PuntoB with {} and HTTP headers {"HTTP_REFERER"=>"/marcador"}
D, [2017-10-25T01:08:56.337065 #1256] DEBUG -- : REQUESTING PAGE: GET /marcador with {} and HTTP headers {}
D, [2017-10-25T01:08:56.416845 #1256] DEBUG -- : REQUESTING PAGE: GET /marcador with {} and HTTP headers {}
D, [2017-10-25T01:08:56.422851 #1256] DEBUG -- : REQUESTING PAGE: GET /marcador with {} and HTTP headers {}
D, [2017-10-25T01:08:56.432856 #1256] DEBUG -- : REQUESTING PAGE: GET /marcador with {} and HTTP headers {}
D, [2017-10-25T01:08:56.451458 #1256] DEBUG -- : REQUESTING PAGE: GET /marcador with {} and HTTP headers {}
D, [2017-10-25T01:08:56.460025 #1256] DEBUG -- : REQUESTING PAGE: GET /marcador with {} and HTTP headers {}
D, [2017-10-25T01:08:56.464028 #1256] DEBUG -- : REQUESTING PAGE: POST /PuntoA with {} and HTTP headers {"HTTP_REFERER"=>"/marcador"}
D, [2017-10-25T01:08:56.484041 #1256] DEBUG -- : REQUESTING PAGE: GET /marcador with {} and HTTP headers {}
D, [2017-10-25T01:08:56.488043 #1256] DEBUG -- : REQUESTING PAGE: POST /PuntoA with {} and HTTP headers {"HTTP_REFERER"=>"/marcador"}
D, [2017-10-25T01:08:56.494046 #1256] DEBUG -- : REQUESTING PAGE: GET /marcador with {} and HTTP headers {}
D, [2017-10-25T01:08:56.499050 #1256] DEBUG -- : REQUESTING PAGE: POST /PuntoA with {} and HTTP headers {"HTTP_REFERER"=>"/marcador"}
D, [2017-10-25T01:08:56.506056 #1256] DEBUG -- : REQUESTING PAGE: GET /marcador with {} and HTTP headers {}
D, [2017-10-25T01:08:56.517064 #1256] DEBUG -- : REQUESTING PAGE: POST /PuntoB with {} and HTTP headers {"HTTP_REFERER"=>"/marcador"}
D, [2017-10-25T01:09:48.759268 #15176] DEBUG -- : REQUESTING PAGE: GET /marcador with {} and HTTP headers {}
D, [2017-10-25T01:09:48.834681 #15176] DEBUG -- : REQUESTING PAGE: GET /marcador with {} and HTTP headers {}
D, [2017-10-25T01:09:48.839684 #15176] DEBUG -- : REQUESTING PAGE: GET /marcador with {} and HTTP headers {}
D, [2017-10-25T01:09:48.843187 #15176] DEBUG -- : REQUESTING PAGE: GET /marcador with {} and HTTP headers {}
D, [2017-10-25T01:09:48.843187 #15176] DEBUG -- : REQUESTING PAGE: GET /marcador with {} and HTTP headers {}
D, [2017-10-25T01:09:48.843187 #15176] DEBUG -- : REQUESTING PAGE: GET /marcador with {} and HTTP headers {}
D, [2017-10-25T01:09:48.859371 #15176] DEBUG -- : REQUESTING PAGE: POST /PuntoA with {} and HTTP headers {"HTTP_REFERER"=>"/marcador"}
D, [2017-10-25T01:09:48.867371 #15176] DEBUG -- : REQUESTING PAGE: GET /marcador with {} and HTTP headers {}
D, [2017-10-25T01:09:48.874942 #15176] DEBUG -- : REQUESTING PAGE: POST /PuntoA with {} and HTTP headers {"HTTP_REFERER"=>"/marcador"}
D, [2017-10-25T01:09:56.836992 #7516] DEBUG -- : REQUESTING PAGE: GET /marcador with {} and HTTP headers {}
D, [2017-10-25T01:09:56.941727 #7516] DEBUG -- : REQUESTING PAGE: GET /marcador with {} and HTTP headers {}
D, [2017-10-25T01:09:56.947729 #7516] DEBUG -- : REQUESTING PAGE: GET /marcador with {} and HTTP headers {}
D, [2017-10-25T01:09:56.954741 #7516] DEBUG -- : REQUESTING PAGE: GET /marcador with {} and HTTP headers {}
D, [2017-10-25T01:09:56.977595 #7516] DEBUG -- : REQUESTING PAGE: GET /marcador with {} and HTTP headers {}
D, [2017-10-25T01:09:56.984177 #7516] DEBUG -- : REQUESTING PAGE: GET /marcador with {} and HTTP headers {}
D, [2017-10-25T01:09:56.990182 #7516] DEBUG -- : REQUESTING PAGE: POST /PuntoA with {} and HTTP headers {"HTTP_REFERER"=>"/marcador"}
D, [2017-10-25T01:09:57.004191 #7516] DEBUG -- : REQUESTING PAGE: GET /marcador with {} and HTTP headers {}
D, [2017-10-25T01:09:57.018200 #7516] DEBUG -- : REQUESTING PAGE: POST /PuntoA with {} and HTTP headers {"HTTP_REFERER"=>"/marcador"}
D, [2017-10-25T01:09:57.027207 #7516] DEBUG -- : REQUESTING PAGE: GET /marcador with {} and HTTP headers {}
D, [2017-10-25T01:09:57.031209 #7516] DEBUG -- : REQUESTING PAGE: POST /PuntoA with {} and HTTP headers {"HTTP_REFERER"=>"/marcador"}
D, [2017-10-25T01:09:57.036212 #7516] DEBUG -- : REQUESTING PAGE: GET /marcador with {} and HTTP headers {}
D, [2017-10-25T01:09:57.047220 #7516] DEBUG -- : REQUESTING PAGE: POST /PuntoB with {} and HTTP headers {"HTTP_REFERER"=>"/marcador"}
D, [2017-10-25T01:10:25.774227 #13068] DEBUG -- : REQUESTING PAGE: GET /marcador with {} and HTTP headers {}
D, [2017-10-25T01:10:25.850984 #13068] DEBUG -- : REQUESTING PAGE: GET /marcador with {} and HTTP headers {}
D, [2017-10-25T01:10:25.856987 #13068] DEBUG -- : REQUESTING PAGE: GET /marcador with {} and HTTP headers {}
D, [2017-10-25T01:10:25.863992 #13068] DEBUG -- : REQUESTING PAGE: GET /marcador with {} and HTTP headers {}
D, [2017-10-25T01:10:25.884721 #13068] DEBUG -- : REQUESTING PAGE: GET /marcador with {} and HTTP headers {}
D, [2017-10-25T01:10:25.894122 #13068] DEBUG -- : REQUESTING PAGE: GET /marcador with {} and HTTP headers {}
D, [2017-10-25T01:10:25.900132 #13068] DEBUG -- : REQUESTING PAGE: POST /PuntoA with {} and HTTP headers {"HTTP_REFERER"=>"/marcador"}
D, [2017-10-25T01:10:25.921150 #13068] DEBUG -- : REQUESTING PAGE: GET /marcador with {} and HTTP headers {}
D, [2017-10-25T01:10:25.927154 #13068] DEBUG -- : REQUESTING PAGE: POST /PuntoA with {} and HTTP headers {"HTTP_REFERER"=>"/marcador"}
D, [2017-10-25T01:10:25.967181 #13068] DEBUG -- : REQUESTING PAGE: GET /marcador with {} and HTTP headers {}
D, [2017-10-25T01:10:25.971184 #13068] DEBUG -- : REQUESTING PAGE: POST /PuntoA with {} and HTTP headers {"HTTP_REFERER"=>"/marcador"}
D, [2017-10-25T01:10:25.977188 #13068] DEBUG -- : REQUESTING PAGE: GET /marcador with {} and HTTP headers {}
D, [2017-10-25T01:10:25.981190 #13068] DEBUG -- : REQUESTING PAGE: POST /PuntoA with {} and HTTP headers {"HTTP_REFERER"=>"/marcador"}
D, [2017-10-25T01:10:26.044248 #13068] DEBUG -- : REQUESTING PAGE: GET /marcador with {} and HTTP headers {}
D, [2017-10-25T01:10:26.048251 #13068] DEBUG -- : REQUESTING PAGE: POST /PuntoB with {} and HTTP headers {"HTTP_REFERER"=>"/marcador"}
D, [2017-10-25T01:10:45.916594 #2928] DEBUG -- : REQUESTING PAGE: GET /marcador with {} and HTTP headers {}
D, [2017-10-25T01:10:46.003501 #2928] DEBUG -- : REQUESTING PAGE: GET /marcador with {} and HTTP headers {}
D, [2017-10-25T01:10:46.010504 #2928] DEBUG -- : REQUESTING PAGE: GET /marcador with {} and HTTP headers {}
D, [2017-10-25T01:10:46.017509 #2928] DEBUG -- : REQUESTING PAGE: GET /marcador with {} and HTTP headers {}
D, [2017-10-25T01:10:46.025516 #2928] DEBUG -- : REQUESTING PAGE: GET /marcador with {} and HTTP headers {}
D, [2017-10-25T01:10:46.031520 #2928] DEBUG -- : REQUESTING PAGE: GET /marcador with {} and HTTP headers {}
D, [2017-10-25T01:10:46.036522 #2928] DEBUG -- : REQUESTING PAGE: POST /PuntoA with {} and HTTP headers {"HTTP_REFERER"=>"/marcador"}
D, [2017-10-25T01:10:46.054535 #2928] DEBUG -- : REQUESTING PAGE: GET /marcador with {} and HTTP headers {}
D, [2017-10-25T01:10:46.059539 #2928] DEBUG -- : REQUESTING PAGE: POST /PuntoA with {} and HTTP headers {"HTTP_REFERER"=>"/marcador"}
D, [2017-10-25T01:10:46.086414 #2928] DEBUG -- : REQUESTING PAGE: GET /marcador with {} and HTTP headers {}
D, [2017-10-25T01:10:46.094909 #2928] DEBUG -- : REQUESTING PAGE: POST /PuntoA with {} and HTTP headers {"HTTP_REFERER"=>"/marcador"}
D, [2017-10-25T01:10:46.100915 #2928] DEBUG -- : REQUESTING PAGE: GET /marcador with {} and HTTP headers {}
D, [2017-10-25T01:10:46.104917 #2928] DEBUG -- : REQUESTING PAGE: POST /PuntoA with {} and HTTP headers {"HTTP_REFERER"=>"/marcador"}
D, [2017-10-25T01:10:46.110924 #2928] DEBUG -- : REQUESTING PAGE: GET /marcador with {} and HTTP headers {}
D, [2017-10-25T01:10:46.120927 #2928] DEBUG -- : REQUESTING PAGE: POST /PuntoB with {} and HTTP headers {"HTTP_REFERER"=>"/marcador"}
D, [2017-10-25T01:11:09.297587 #8296] DEBUG -- : REQUESTING PAGE: GET /marcador with {} and HTTP headers {}
D, [2017-10-25T01:11:09.361652 #8296] DEBUG -- : REQUESTING PAGE: GET /marcador with {} and HTTP headers {}
D, [2017-10-25T01:11:09.369656 #8296] DEBUG -- : REQUESTING PAGE: GET /marcador with {} and HTTP headers {}
D, [2017-10-25T01:11:09.375659 #8296] DEBUG -- : REQUESTING PAGE: GET /marcador with {} and HTTP headers {}
D, [2017-10-25T01:11:09.381664 #8296] DEBUG -- : REQUESTING PAGE: GET /marcador with {} and HTTP headers {}
D, [2017-10-25T01:11:09.402220 #8296] DEBUG -- : REQUESTING PAGE: GET /marcador with {} and HTTP headers {}
D, [2017-10-25T01:11:09.408743 #8296] DEBUG -- : REQUESTING PAGE: POST /PuntoA with {} and HTTP headers {"HTTP_REFERER"=>"/marcador"}
D, [2017-10-25T01:11:09.420255 #8296] DEBUG -- : REQUESTING PAGE: GET /marcador with {} and HTTP headers {}
D, [2017-10-25T01:11:09.446605 #8296] DEBUG -- : REQUESTING PAGE: POST /PuntoA with {} and HTTP headers {"HTTP_REFERER"=>"/marcador"}
D, [2017-10-25T01:11:09.465620 #8296] DEBUG -- : REQUESTING PAGE: GET /marcador with {} and HTTP headers {}
D, [2017-10-25T01:11:09.470611 #8296] DEBUG -- : REQUESTING PAGE: POST /PuntoA with {} and HTTP headers {"HTTP_REFERER"=>"/marcador"}
D, [2017-10-25T01:11:09.476034 #8296] DEBUG -- : REQUESTING PAGE: GET /marcador with {} and HTTP headers {}
D, [2017-10-25T01:11:09.480036 #8296] DEBUG -- : REQUESTING PAGE: POST /PuntoA with {} and HTTP headers {"HTTP_REFERER"=>"/marcador"}
D, [2017-10-25T01:11:09.491044 #8296] DEBUG -- : REQUESTING PAGE: GET /marcador with {} and HTTP headers {}
D, [2017-10-25T01:11:09.496047 #8296] DEBUG -- : REQUESTING PAGE: POST /PuntoA with {} and HTTP headers {"HTTP_REFERER"=>"/marcador"}
D, [2017-10-25T01:11:09.501051 #8296] DEBUG -- : REQUESTING PAGE: GET /marcador with {} and HTTP headers {}
D, [2017-10-25T01:11:09.505055 #8296] DEBUG -- : REQUESTING PAGE: POST /PuntoB with {} and HTTP headers {"HTTP_REFERER"=>"/marcador"}
D, [2017-10-25T01:12:35.342890 #13136] DEBUG -- : REQUESTING PAGE: GET /marcador with {} and HTTP headers {}
D, [2017-10-25T01:12:35.399299 #13136] DEBUG -- : REQUESTING PAGE: GET /marcador with {} and HTTP headers {}
D, [2017-10-25T01:12:35.414926 #13136] DEBUG -- : REQUESTING PAGE: GET /marcador with {} and HTTP headers {}
D, [2017-10-25T01:12:35.432978 #13136] DEBUG -- : REQUESTING PAGE: GET /marcador with {} and HTTP headers {}
D, [2017-10-25T01:12:35.439982 #13136] DEBUG -- : REQUESTING PAGE: GET /marcador with {} and HTTP headers {}
D, [2017-10-25T01:12:35.454498 #13136] DEBUG -- : REQUESTING PAGE: GET /marcador with {} and HTTP headers {}
D, [2017-10-25T01:12:35.460501 #13136] DEBUG -- : REQUESTING PAGE: POST /PuntoA with {} and HTTP headers {"HTTP_REFERER"=>"/marcador"}
D, [2017-10-25T01:12:35.471509 #13136] DEBUG -- : REQUESTING PAGE: GET /marcador with {} and HTTP headers {}
D, [2017-10-25T01:12:35.475510 #13136] DEBUG -- : REQUESTING PAGE: POST /PuntoA with {} and HTTP headers {"HTTP_REFERER"=>"/marcador"}
D, [2017-10-25T01:12:35.511533 #13136] DEBUG -- : REQUESTING PAGE: GET /marcador with {} and HTTP headers {}
D, [2017-10-25T01:12:35.516539 #13136] DEBUG -- : REQUESTING PAGE: POST /PuntoA with {} and HTTP headers {"HTTP_REFERER"=>"/marcador"}
D, [2017-10-25T01:12:35.523543 #13136] DEBUG -- : REQUESTING PAGE: GET /marcador with {} and HTTP headers {}
D, [2017-10-25T01:12:35.534055 #13136] DEBUG -- : REQUESTING PAGE: POST /PuntoA with {} and HTTP headers {"HTTP_REFERER"=>"/marcador"}
D, [2017-10-25T01:12:35.539561 #13136] DEBUG -- : REQUESTING PAGE: GET /marcador with {} and HTTP headers {}
D, [2017-10-25T01:12:35.543060 #13136] DEBUG -- : REQUESTING PAGE: POST /PuntoA with {} and HTTP headers {"HTTP_REFERER"=>"/marcador"}
D, [2017-10-25T01:12:35.548094 #13136] DEBUG -- : REQUESTING PAGE: GET /marcador with {} and HTTP headers {}
D, [2017-10-25T01:12:35.554099 #13136] DEBUG -- : REQUESTING PAGE: POST /PuntoB with {} and HTTP headers {"HTTP_REFERER"=>"/marcador"}
D, [2017-10-25T01:13:52.567653 #14344] DEBUG -- : REQUESTING PAGE: GET /marcador with {} and HTTP headers {}
D, [2017-10-25T01:13:52.668517 #14344] DEBUG -- : REQUESTING PAGE: GET /marcador with {} and HTTP headers {}
D, [2017-10-25T01:13:52.673526 #14344] DEBUG -- : REQUESTING PAGE: GET /marcador with {} and HTTP headers {}
D, [2017-10-25T01:13:52.679029 #14344] DEBUG -- : REQUESTING PAGE: GET /marcador with {} and HTTP headers {}
D, [2017-10-25T01:13:52.691358 #14344] DEBUG -- : REQUESTING PAGE: GET /marcador with {} and HTTP headers {}
D, [2017-10-25T01:13:52.708846 #14344] DEBUG -- : REQUESTING PAGE: GET /marcador with {} and HTTP headers {}
D, [2017-10-25T01:13:52.724856 #14344] DEBUG -- : REQUESTING PAGE: POST /PuntoA with {} and HTTP headers {"HTTP_REFERER"=>"/marcador"}
D, [2017-10-25T01:13:52.736865 #14344] DEBUG -- : REQUESTING PAGE: GET /marcador with {} and HTTP headers {}
D, [2017-10-25T01:13:52.741869 #14344] DEBUG -- : REQUESTING PAGE: POST /PuntoA with {} and HTTP headers {"HTTP_REFERER"=>"/marcador"}
D, [2017-10-25T01:13:52.749872 #14344] DEBUG -- : REQUESTING PAGE: GET /marcador with {} and HTTP headers {}
D, [2017-10-25T01:13:52.756878 #14344] DEBUG -- : REQUESTING PAGE: POST /PuntoA with {} and HTTP headers {"HTTP_REFERER"=>"/marcador"}
D, [2017-10-25T01:13:52.769886 #14344] DEBUG -- : REQUESTING PAGE: GET /marcador with {} and HTTP headers {}
D, [2017-10-25T01:13:52.774895 #14344] DEBUG -- : REQUESTING PAGE: POST /PuntoA with {} and HTTP headers {"HTTP_REFERER"=>"/marcador"}
D, [2017-10-25T01:13:52.780400 #14344] DEBUG -- : REQUESTING PAGE: GET /marcador with {} and HTTP headers {}
D, [2017-10-25T01:13:52.784402 #14344] DEBUG -- : REQUESTING PAGE: POST /PuntoA with {} and HTTP headers {"HTTP_REFERER"=>"/marcador"}
D, [2017-10-25T01:13:52.790913 #14344] DEBUG -- : REQUESTING PAGE: GET /marcador with {} and HTTP headers {}
D, [2017-10-25T01:13:52.794915 #14344] DEBUG -- : REQUESTING PAGE: POST /PuntoB with {} and HTTP headers {"HTTP_REFERER"=>"/marcador"}
D, [2017-10-25T01:16:08.066566 #14320] DEBUG -- : REQUESTING PAGE: GET /marcador with {} and HTTP headers {}
D, [2017-10-25T01:16:08.136424 #14320] DEBUG -- : REQUESTING PAGE: GET /marcador with {} and HTTP headers {}
D, [2017-10-25T01:16:08.141428 #14320] DEBUG -- : REQUESTING PAGE: GET /marcador with {} and HTTP headers {}
D, [2017-10-25T01:16:08.147432 #14320] DEBUG -- : REQUESTING PAGE: GET /marcador with {} and HTTP headers {}
D, [2017-10-25T01:16:08.150433 #14320] DEBUG -- : REQUESTING PAGE: GET /marcador with {} and HTTP headers {}
D, [2017-10-25T01:16:08.150433 #14320] DEBUG -- : REQUESTING PAGE: GET /marcador with {} and HTTP headers {}
D, [2017-10-25T01:16:08.150433 #14320] DEBUG -- : REQUESTING PAGE: POST /PuntoA with {} and HTTP headers {"HTTP_REFERER"=>"/marcador"}
D, [2017-10-25T01:16:08.186485 #14320] DEBUG -- : REQUESTING PAGE: GET /marcador with {} and HTTP headers {}
D, [2017-10-25T01:16:08.215457 #14320] DEBUG -- : REQUESTING PAGE: POST /PuntoA with {} and HTTP headers {"HTTP_REFERER"=>"/marcador"}
D, [2017-10-25T01:16:08.238717 #14320] DEBUG -- : REQUESTING PAGE: GET /marcador with {} and HTTP headers {}
D, [2017-10-25T01:16:08.243220 #14320] DEBUG -- : REQUESTING PAGE: POST /PuntoA with {} and HTTP headers {"HTTP_REFERER"=>"/marcador"}
D, [2017-10-25T01:16:08.248642 #14320] DEBUG -- : REQUESTING PAGE: GET /marcador with {} and HTTP headers {}
D, [2017-10-25T01:16:08.252148 #14320] DEBUG -- : REQUESTING PAGE: POST /PuntoA with {} and HTTP headers {"HTTP_REFERER"=>"/marcador"}
D, [2017-10-25T01:16:08.257152 #14320] DEBUG -- : REQUESTING PAGE: GET /marcador with {} and HTTP headers {}
D, [2017-10-25T01:16:08.271160 #14320] DEBUG -- : REQUESTING PAGE: POST /PuntoA with {} and HTTP headers {"HTTP_REFERER"=>"/marcador"}
D, [2017-10-25T01:16:08.276164 #14320] DEBUG -- : REQUESTING PAGE: GET /marcador with {} and HTTP headers {}
D, [2017-10-25T01:16:08.291173 #14320] DEBUG -- : REQUESTING PAGE: POST /PuntoB with {} and HTTP headers {"HTTP_REFERER"=>"/marcador"}
D, [2017-10-25T01:19:30.357358 #7516] DEBUG -- : REQUESTING PAGE: GET /marcador with {} and HTTP headers {}
D, [2017-10-25T01:19:30.432027 #7516] DEBUG -- : REQUESTING PAGE: GET /marcador with {} and HTTP headers {}
D, [2017-10-25T01:19:30.436318 #7516] DEBUG -- : REQUESTING PAGE: GET /marcador with {} and HTTP headers {}
D, [2017-10-25T01:19:30.436318 #7516] DEBUG -- : REQUESTING PAGE: GET /marcador with {} and HTTP headers {}
D, [2017-10-25T01:19:30.436318 #7516] DEBUG -- : REQUESTING PAGE: GET /marcador with {} and HTTP headers {}
D, [2017-10-25T01:19:30.462072 #7516] DEBUG -- : REQUESTING PAGE: GET /marcador with {} and HTTP headers {}
D, [2017-10-25T01:19:30.469546 #7516] DEBUG -- : REQUESTING PAGE: POST /PuntoA with {} and HTTP headers {"HTTP_REFERER"=>"/marcador"}
D, [2017-10-25T01:19:30.490561 #7516] DEBUG -- : REQUESTING PAGE: GET /marcador with {} and HTTP headers {}
D, [2017-10-25T01:19:30.505569 #7516] DEBUG -- : REQUESTING PAGE: POST /PuntoA with {} and HTTP headers {"HTTP_REFERER"=>"/marcador"}
D, [2017-10-25T01:19:30.512076 #7516] DEBUG -- : REQUESTING PAGE: GET /marcador with {} and HTTP headers {}
D, [2017-10-25T01:19:30.522085 #7516] DEBUG -- : REQUESTING PAGE: POST /PuntoA with {} and HTTP headers {"HTTP_REFERER"=>"/marcador"}
D, [2017-10-25T01:19:30.528090 #7516] DEBUG -- : REQUESTING PAGE: GET /marcador with {} and HTTP headers {}
D, [2017-10-25T01:19:30.531092 #7516] DEBUG -- : REQUESTING PAGE: POST /PuntoA with {} and HTTP headers {"HTTP_REFERER"=>"/marcador"}
D, [2017-10-25T01:19:30.537096 #7516] DEBUG -- : REQUESTING PAGE: GET /marcador with {} and HTTP headers {}
D, [2017-10-25T01:19:30.542099 #7516] DEBUG -- : REQUESTING PAGE: POST /PuntoA with {} and HTTP headers {"HTTP_REFERER"=>"/marcador"}
D, [2017-10-25T01:19:30.565114 #7516] DEBUG -- : REQUESTING PAGE: GET /marcador with {} and HTTP headers {}
D, [2017-10-25T01:19:30.580124 #7516] DEBUG -- : REQUESTING PAGE: POST /PuntoB with {} and HTTP headers {"HTTP_REFERER"=>"/marcador"}
D, [2017-10-25T01:21:39.898341 #6936] DEBUG -- : REQUESTING PAGE: GET /marcador with {} and HTTP headers {}
D, [2017-10-25T01:21:39.978502 #6936] DEBUG -- : REQUESTING PAGE: GET /marcador with {} and HTTP headers {}
D, [2017-10-25T01:21:39.984010 #6936] DEBUG -- : REQUESTING PAGE: GET /marcador with {} and HTTP headers {}
D, [2017-10-25T01:21:39.989513 #6936] DEBUG -- : REQUESTING PAGE: GET /marcador with {} and HTTP headers {}
D, [2017-10-25T01:21:39.994519 #6936] DEBUG -- : REQUESTING PAGE: GET /marcador with {} and HTTP headers {}
D, [2017-10-25T01:21:39.998020 #6936] DEBUG -- : REQUESTING PAGE: GET /marcador with {} and HTTP headers {}
D, [2017-10-25T01:21:40.020282 #6936] DEBUG -- : REQUESTING PAGE: POST /PuntoA with {} and HTTP headers {"HTTP_REFERER"=>"/marcador"}
D, [2017-10-25T01:21:40.033969 #6936] DEBUG -- : REQUESTING PAGE: GET /marcador with {} and HTTP headers {}
D, [2017-10-25T01:21:40.053981 #6936] DEBUG -- : REQUESTING PAGE: POST /PuntoA with {} and HTTP headers {"HTTP_REFERER"=>"/marcador"}
D, [2017-10-25T01:21:40.059986 #6936] DEBUG -- : REQUESTING PAGE: GET /marcador with {} and HTTP headers {}
D, [2017-10-25T01:21:40.064989 #6936] DEBUG -- : REQUESTING PAGE: POST /PuntoA with {} and HTTP headers {"HTTP_REFERER"=>"/marcador"}
D, [2017-10-25T01:21:40.069993 #6936] DEBUG -- : REQUESTING PAGE: GET /marcador with {} and HTTP headers {}
D, [2017-10-25T01:21:40.074996 #6936] DEBUG -- : REQUESTING PAGE: POST /PuntoA with {} and HTTP headers {"HTTP_REFERER"=>"/marcador"}
D, [2017-10-25T01:21:40.084005 #6936] DEBUG -- : REQUESTING PAGE: GET /marcador with {} and HTTP headers {}
D, [2017-10-25T01:21:40.094514 #6936] DEBUG -- : REQUESTING PAGE: POST /PuntoA with {} and HTTP headers {"HTTP_REFERER"=>"/marcador"}
D, [2017-10-25T01:21:40.108526 #6936] DEBUG -- : REQUESTING PAGE: POST /PuntoB with {} and HTTP headers {"HTTP_REFERER"=>"/PuntoA"}
D, [2017-10-25T01:21:40.127539 #6936] DEBUG -- : REQUESTING PAGE: POST /Reset with {} and HTTP headers {"HTTP_REFERER"=>"/PuntoB"}
D, [2017-10-25T01:21:40.148554 #6936] DEBUG -- : REQUESTING PAGE: GET /marcador with {} and HTTP headers {}
D, [2017-10-25T01:21:40.161561 #6936] DEBUG -- : REQUESTING PAGE: POST /PuntoA with {} and HTTP headers {"HTTP_REFERER"=>"/marcador"}
D, [2017-10-25T01:21:40.176571 #6936] DEBUG -- : REQUESTING PAGE: GET /marcador with {} and HTTP headers {}
D, [2017-10-25T01:21:40.194090 #6936] DEBUG -- : REQUESTING PAGE: POST /PuntoB with {} and HTTP headers {"HTTP_REFERER"=>"/marcador"}
D, [2017-10-25T01:21:57.225113 #13088] DEBUG -- : REQUESTING PAGE: GET /marcador with {} and HTTP headers {}
D, [2017-10-25T01:21:57.291818 #13088] DEBUG -- : REQUESTING PAGE: GET /marcador with {} and HTTP headers {}
D, [2017-10-25T01:21:57.297820 #13088] DEBUG -- : REQUESTING PAGE: GET /marcador with {} and HTTP headers {}
D, [2017-10-25T01:21:57.303823 #13088] DEBUG -- : REQUESTING PAGE: GET /marcador with {} and HTTP headers {}
D, [2017-10-25T01:21:57.318838 #13088] DEBUG -- : REQUESTING PAGE: GET /marcador with {} and HTTP headers {}
D, [2017-10-25T01:21:57.325344 #13088] DEBUG -- : REQUESTING PAGE: GET /marcador with {} and HTTP headers {}
D, [2017-10-25T01:21:57.329845 #13088] DEBUG -- : REQUESTING PAGE: POST /PuntoA with {} and HTTP headers {"HTTP_REFERER"=>"/marcador"}
D, [2017-10-25T01:21:57.347360 #13088] DEBUG -- : REQUESTING PAGE: GET /marcador with {} and HTTP headers {}
D, [2017-10-25T01:21:57.377858 #13088] DEBUG -- : REQUESTING PAGE: POST /PuntoA with {} and HTTP headers {"HTTP_REFERER"=>"/marcador"}
D, [2017-10-25T01:21:57.386866 #13088] DEBUG -- : REQUESTING PAGE: GET /marcador with {} and HTTP headers {}
D, [2017-10-25T01:21:57.390869 #13088] DEBUG -- : REQUESTING PAGE: POST /PuntoA with {} and HTTP headers {"HTTP_REFERER"=>"/marcador"}
D, [2017-10-25T01:21:57.414884 #13088] DEBUG -- : REQUESTING PAGE: GET /marcador with {} and HTTP headers {}
D, [2017-10-25T01:21:57.419394 #13088] DEBUG -- : REQUESTING PAGE: POST /PuntoA with {} and HTTP headers {"HTTP_REFERER"=>"/marcador"}
D, [2017-10-25T01:21:57.425398 #13088] DEBUG -- : REQUESTING PAGE: GET /marcador with {} and HTTP headers {}
D, [2017-10-25T01:21:57.429400 #13088] DEBUG -- : REQUESTING PAGE: POST /PuntoA with {} and HTTP headers {"HTTP_REFERER"=>"/marcador"}
D, [2017-10-25T01:21:57.446025 #13088] DEBUG -- : REQUESTING PAGE: POST /PuntoB with {} and HTTP headers {"HTTP_REFERER"=>"/PuntoA"}
D, [2017-10-25T01:21:57.460030 #13088] DEBUG -- : REQUESTING PAGE: POST /Reset with {} and HTTP headers {"HTTP_REFERER"=>"/PuntoB"}
D, [2017-10-25T01:21:57.480045 #13088] DEBUG -- : REQUESTING PAGE: GET /marcador with {} and HTTP headers {}
D, [2017-10-25T01:21:57.484046 #13088] DEBUG -- : REQUESTING PAGE: POST /PuntoA with {} and HTTP headers {"HTTP_REFERER"=>"/marcador"}
D, [2017-10-25T01:21:57.490050 #13088] DEBUG -- : REQUESTING PAGE: GET /marcador with {} and HTTP headers {}
D, [2017-10-25T01:21:57.507061 #13088] DEBUG -- : REQUESTING PAGE: POST /PuntoB with {} and HTTP headers {"HTTP_REFERER"=>"/marcador"}
D, [2017-10-25T01:22:28.862643 #14064] DEBUG -- : REQUESTING PAGE: GET /marcador with {} and HTTP headers {}
D, [2017-10-25T01:22:28.934698 #14064] DEBUG -- : REQUESTING PAGE: GET /marcador with {} and HTTP headers {}
D, [2017-10-25T01:22:28.941704 #14064] DEBUG -- : REQUESTING PAGE: GET /marcador with {} and HTTP headers {}
D, [2017-10-25T01:22:28.957716 #14064] DEBUG -- : REQUESTING PAGE: GET /marcador with {} and HTTP headers {}
D, [2017-10-25T01:22:28.962718 #14064] DEBUG -- : REQUESTING PAGE: GET /marcador with {} and HTTP headers {}
D, [2017-10-25T01:22:28.970606 #14064] DEBUG -- : REQUESTING PAGE: GET /marcador with {} and HTTP headers {}
D, [2017-10-25T01:22:28.975109 #14064] DEBUG -- : REQUESTING PAGE: POST /PuntoA with {} and HTTP headers {"HTTP_REFERER"=>"/marcador"}
D, [2017-10-25T01:22:28.993296 #14064] DEBUG -- : REQUESTING PAGE: GET /marcador with {} and HTTP headers {}
D, [2017-10-25T01:22:29.008306 #14064] DEBUG -- : REQUESTING PAGE: POST /PuntoA with {} and HTTP headers {"HTTP_REFERER"=>"/marcador"}
D, [2017-10-25T01:22:29.013308 #14064] DEBUG -- : REQUESTING PAGE: GET /marcador with {} and HTTP headers {}
D, [2017-10-25T01:22:29.018313 #14064] DEBUG -- : REQUESTING PAGE: POST /PuntoA with {} and HTTP headers {"HTTP_REFERER"=>"/marcador"}
D, [2017-10-25T01:22:29.031321 #14064] DEBUG -- : REQUESTING PAGE: GET /marcador with {} and HTTP headers {}
D, [2017-10-25T01:22:29.049333 #14064] DEBUG -- : REQUESTING PAGE: POST /PuntoA with {} and HTTP headers {"HTTP_REFERER"=>"/marcador"}
D, [2017-10-25T01:22:29.056337 #14064] DEBUG -- : REQUESTING PAGE: GET /marcador with {} and HTTP headers {}
D, [2017-10-25T01:22:29.061341 #14064] DEBUG -- : REQUESTING PAGE: POST /PuntoA with {} and HTTP headers {"HTTP_REFERER"=>"/marcador"}
D, [2017-10-25T01:22:29.082865 #14064] DEBUG -- : REQUESTING PAGE: POST /PuntoB with {} and HTTP headers {"HTTP_REFERER"=>"/PuntoA"}
D, [2017-10-25T01:22:29.097876 #14064] DEBUG -- : REQUESTING PAGE: POST /Reset with {} and HTTP headers {"HTTP_REFERER"=>"/PuntoB"}
D, [2017-10-25T01:22:29.119889 #14064] DEBUG -- : REQUESTING PAGE: GET /marcador with {} and HTTP headers {}
D, [2017-10-25T01:22:29.126894 #14064] DEBUG -- : REQUESTING PAGE: POST /PuntoA with {} and HTTP headers {"HTTP_REFERER"=>"/marcador"}
D, [2017-10-25T01:22:29.132898 #14064] DEBUG -- : REQUESTING PAGE: POST /PuntoB with {} and HTTP headers {"HTTP_REFERER"=>"/PuntoA"}
D, [2017-10-25T01:22:29.146908 #14064] DEBUG -- : REQUESTING PAGE: POST /PuntoB with {} and HTTP headers {"HTTP_REFERER"=>"/PuntoB"}
D, [2017-10-25T01:22:29.155914 #14064] DEBUG -- : REQUESTING PAGE: POST /PuntoB with {} and HTTP headers {"HTTP_REFERER"=>"/PuntoB"}
D, [2017-10-25T01:22:29.174429 #14064] DEBUG -- : REQUESTING PAGE: POST /Reset with {} and HTTP headers {"HTTP_REFERER"=>"/PuntoB"}
D, [2017-10-25T01:22:29.190943 #14064] DEBUG -- : REQUESTING PAGE: GET /marcador with {} and HTTP headers {}
D, [2017-10-25T01:22:29.196949 #14064] DEBUG -- : REQUESTING PAGE: POST /PuntoA with {} and HTTP headers {"HTTP_REFERER"=>"/marcador"}
D, [2017-10-25T01:22:29.214959 #14064] DEBUG -- : REQUESTING PAGE: GET /marcador with {} and HTTP headers {}
D, [2017-10-25T01:22:29.218962 #14064] DEBUG -- : REQUESTING PAGE: POST /PuntoB with {} and HTTP headers {"HTTP_REFERER"=>"/marcador"}
D, [2017-10-25T01:23:18.009554 #12624] DEBUG -- : REQUESTING PAGE: GET /marcador with {} and HTTP headers {}
D, [2017-10-25T01:23:18.084869 #12624] DEBUG -- : REQUESTING PAGE: GET /marcador with {} and HTTP headers {}
D, [2017-10-25T01:23:18.088871 #12624] DEBUG -- : REQUESTING PAGE: GET /marcador with {} and HTTP headers {}
D, [2017-10-25T01:23:18.088871 #12624] DEBUG -- : REQUESTING PAGE: GET /marcador with {} and HTTP headers {}
D, [2017-10-25T01:23:18.088871 #12624] DEBUG -- : REQUESTING PAGE: GET /marcador with {} and HTTP headers {}
D, [2017-10-25T01:23:18.127003 #12624] DEBUG -- : REQUESTING PAGE: GET /marcador with {} and HTTP headers {}
D, [2017-10-25T01:23:18.132563 #12624] DEBUG -- : REQUESTING PAGE: POST /PuntoA with {} and HTTP headers {"HTTP_REFERER"=>"/marcador"}
D, [2017-10-25T01:23:18.146570 #12624] DEBUG -- : REQUESTING PAGE: GET /marcador with {} and HTTP headers {}
D, [2017-10-25T01:23:18.157577 #12624] DEBUG -- : REQUESTING PAGE: POST /PuntoA with {} and HTTP headers {"HTTP_REFERER"=>"/marcador"}
D, [2017-10-25T01:23:18.167586 #12624] DEBUG -- : REQUESTING PAGE: GET /marcador with {} and HTTP headers {}
D, [2017-10-25T01:23:18.171588 #12624] DEBUG -- : REQUESTING PAGE: POST /PuntoA with {} and HTTP headers {"HTTP_REFERER"=>"/marcador"}
D, [2017-10-25T01:23:18.180099 #12624] DEBUG -- : REQUESTING PAGE: GET /marcador with {} and HTTP headers {}
D, [2017-10-25T01:23:18.189107 #12624] DEBUG -- : REQUESTING PAGE: POST /PuntoA with {} and HTTP headers {"HTTP_REFERER"=>"/marcador"}
D, [2017-10-25T01:23:18.194613 #12624] DEBUG -- : REQUESTING PAGE: GET /marcador with {} and HTTP headers {}
D, [2017-10-25T01:23:18.198615 #12624] DEBUG -- : REQUESTING PAGE: POST /PuntoA with {} and HTTP headers {"HTTP_REFERER"=>"/marcador"}
D, [2017-10-25T01:23:18.222630 #12624] DEBUG -- : REQUESTING PAGE: POST /PuntoB with {} and HTTP headers {"HTTP_REFERER"=>"/PuntoA"}
D, [2017-10-25T01:23:18.237641 #12624] DEBUG -- : REQUESTING PAGE: POST /Reset with {} and HTTP headers {"HTTP_REFERER"=>"/PuntoB"}
D, [2017-10-25T01:23:18.255654 #12624] DEBUG -- : REQUESTING PAGE: GET /marcador with {} and HTTP headers {}
D, [2017-10-25T01:23:18.264659 #12624] DEBUG -- : REQUESTING PAGE: POST /PuntoA with {} and HTTP headers {"HTTP_REFERER"=>"/marcador"}
D, [2017-10-25T01:23:18.280173 #12624] DEBUG -- : REQUESTING PAGE: POST /PuntoB with {} and HTTP headers {"HTTP_REFERER"=>"/PuntoA"}
D, [2017-10-25T01:23:18.299220 #12624] DEBUG -- : REQUESTING PAGE: POST /PuntoB with {} and HTTP headers {"HTTP_REFERER"=>"/PuntoB"}
D, [2017-10-25T01:23:18.302220 #12624] DEBUG -- : REQUESTING PAGE: POST /PuntoB with {} and HTTP headers {"HTTP_REFERER"=>"/PuntoB"}
D, [2017-10-25T01:23:18.307225 #12624] DEBUG -- : REQUESTING PAGE: POST /Reset with {} and HTTP headers {"HTTP_REFERER"=>"/PuntoB"}
D, [2017-10-25T01:23:18.324235 #12624] DEBUG -- : REQUESTING PAGE: GET /marcador with {} and HTTP headers {}
D, [2017-10-25T01:23:18.332242 #12624] DEBUG -- : REQUESTING PAGE: POST /PuntoB with {} and HTTP headers {"HTTP_REFERER"=>"/marcador"}
D, [2017-10-25T01:23:18.379776 #12624] DEBUG -- : REQUESTING PAGE: GET /marcador with {} and HTTP headers {}
D, [2017-10-25T01:23:18.395791 #12624] DEBUG -- : REQUESTING PAGE: POST /PuntoA with {} and HTTP headers {"HTTP_REFERER"=>"/marcador"}
D, [2017-10-25T01:23:18.416803 #12624] DEBUG -- : REQUESTING PAGE: GET /marcador with {} and HTTP headers {}
D, [2017-10-25T01:23:18.420805 #12624] DEBUG -- : REQUESTING PAGE: POST /PuntoB with {} and HTTP headers {"HTTP_REFERER"=>"/marcador"}
D, [2017-10-25T01:23:42.196322 #10520] DEBUG -- : REQUESTING PAGE: GET /marcador with {} and HTTP headers {}
D, [2017-10-25T01:23:42.267425 #10520] DEBUG -- : REQUESTING PAGE: GET /marcador with {} and HTTP headers {}
D, [2017-10-25T01:23:42.267425 #10520] DEBUG -- : REQUESTING PAGE: GET /marcador with {} and HTTP headers {}
D, [2017-10-25T01:23:42.283054 #10520] DEBUG -- : REQUESTING PAGE: GET /marcador with {} and HTTP headers {}
D, [2017-10-25T01:23:42.283054 #10520] DEBUG -- : REQUESTING PAGE: GET /marcador with {} and HTTP headers {}
D, [2017-10-25T01:23:42.283054 #10520] DEBUG -- : REQUESTING PAGE: GET /marcador with {} and HTTP headers {}
D, [2017-10-25T01:23:42.307029 #10520] DEBUG -- : REQUESTING PAGE: POST /PuntoA with {} and HTTP headers {"HTTP_REFERER"=>"/marcador"}
D, [2017-10-25T01:23:42.323603 #10520] DEBUG -- : REQUESTING PAGE: GET /marcador with {} and HTTP headers {}
D, [2017-10-25T01:23:42.345617 #10520] DEBUG -- : REQUESTING PAGE: POST /PuntoA with {} and HTTP headers {"HTTP_REFERER"=>"/marcador"}
D, [2017-10-25T01:23:42.351621 #10520] DEBUG -- : REQUESTING PAGE: GET /marcador with {} and HTTP headers {}
D, [2017-10-25T01:23:42.356632 #10520] DEBUG -- : REQUESTING PAGE: POST /PuntoA with {} and HTTP headers {"HTTP_REFERER"=>"/marcador"}
D, [2017-10-25T01:23:42.364136 #10520] DEBUG -- : REQUESTING PAGE: GET /marcador with {} and HTTP headers {}
D, [2017-10-25T01:23:42.382652 #10520] DEBUG -- : REQUESTING PAGE: POST /PuntoA with {} and HTTP headers {"HTTP_REFERER"=>"/marcador"}
D, [2017-10-25T01:23:42.388658 #10520] DEBUG -- : REQUESTING PAGE: GET /marcador with {} and HTTP headers {}
D, [2017-10-25T01:23:42.394660 #10520] DEBUG -- : REQUESTING PAGE: POST /PuntoA with {} and HTTP headers {"HTTP_REFERER"=>"/marcador"}
D, [2017-10-25T01:23:42.408668 #10520] DEBUG -- : REQUESTING PAGE: POST /PuntoB with {} and HTTP headers {"HTTP_REFERER"=>"/PuntoA"}
D, [2017-10-25T01:23:42.428684 #10520] DEBUG -- : REQUESTING PAGE: POST /Reset with {} and HTTP headers {"HTTP_REFERER"=>"/PuntoB"}
D, [2017-10-25T01:23:42.447695 #10520] DEBUG -- : REQUESTING PAGE: GET /marcador with {} and HTTP headers {}
D, [2017-10-25T01:23:42.466713 #10520] DEBUG -- : REQUESTING PAGE: POST /PuntoA with {} and HTTP headers {"HTTP_REFERER"=>"/marcador"}
D, [2017-10-25T01:23:42.474571 #10520] DEBUG -- : REQUESTING PAGE: POST /PuntoB with {} and HTTP headers {"HTTP_REFERER"=>"/PuntoA"}
D, [2017-10-25T01:23:42.491583 #10520] DEBUG -- : REQUESTING PAGE: POST /PuntoB with {} and HTTP headers {"HTTP_REFERER"=>"/PuntoB"}
D, [2017-10-25T01:23:42.504591 #10520] DEBUG -- : REQUESTING PAGE: POST /PuntoB with {} and HTTP headers {"HTTP_REFERER"=>"/PuntoB"}
D, [2017-10-25T01:23:42.509596 #10520] DEBUG -- : REQUESTING PAGE: POST /Reset with {} and HTTP headers {"HTTP_REFERER"=>"/PuntoB"}
D, [2017-10-25T01:23:42.528608 #10520] DEBUG -- : REQUESTING PAGE: GET /marcador with {} and HTTP headers {}
D, [2017-10-25T01:23:42.532610 #10520] DEBUG -- : REQUESTING PAGE: POST /PuntoB with {} and HTTP headers {"HTTP_REFERER"=>"/marcador"}
D, [2017-10-25T01:23:42.612487 #10520] DEBUG -- : REQUESTING PAGE: GET /marcador with {} and HTTP headers {}
D, [2017-10-25T01:23:42.617491 #10520] DEBUG -- : REQUESTING PAGE: POST /PuntoA with {} and HTTP headers {"HTTP_REFERER"=>"/marcador"}
D, [2017-10-25T01:23:42.626495 #10520] DEBUG -- : REQUESTING PAGE: GET /marcador with {} and HTTP headers {}
D, [2017-10-25T01:23:42.630500 #10520] DEBUG -- : REQUESTING PAGE: POST /PuntoB with {} and HTTP headers {"HTTP_REFERER"=>"/marcador"}
D, [2017-10-25T01:24:45.307524 #16004] DEBUG -- : REQUESTING PAGE: GET /marcador with {} and HTTP headers {}
D, [2017-10-25T01:24:45.372524 #16004] DEBUG -- : REQUESTING PAGE: GET /marcador with {} and HTTP headers {}
D, [2017-10-25T01:24:45.377527 #16004] DEBUG -- : REQUESTING PAGE: GET /marcador with {} and HTTP headers {}
D, [2017-10-25T01:24:45.380879 #16004] DEBUG -- : REQUESTING PAGE: GET /marcador with {} and HTTP headers {}
D, [2017-10-25T01:24:45.380879 #16004] DEBUG -- : REQUESTING PAGE: GET /marcador with {} and HTTP headers {}
D, [2017-10-25T01:24:45.380879 #16004] DEBUG -- : REQUESTING PAGE: GET /marcador with {} and HTTP headers {}
D, [2017-10-25T01:24:45.406098 #16004] DEBUG -- : REQUESTING PAGE: POST /PuntoA with {} and HTTP headers {"HTTP_REFERER"=>"/marcador"}
D, [2017-10-25T01:24:45.419611 #16004] DEBUG -- : REQUESTING PAGE: GET /marcador with {} and HTTP headers {}
D, [2017-10-25T01:24:45.441130 #16004] DEBUG -- : REQUESTING PAGE: POST /PuntoA with {} and HTTP headers {"HTTP_REFERER"=>"/marcador"}
D, [2017-10-25T01:24:45.447135 #16004] DEBUG -- : REQUESTING PAGE: GET /marcador with {} and HTTP headers {}
D, [2017-10-25T01:24:45.452139 #16004] DEBUG -- : REQUESTING PAGE: POST /PuntoA with {} and HTTP headers {"HTTP_REFERER"=>"/marcador"}
D, [2017-10-25T01:24:45.458143 #16004] DEBUG -- : REQUESTING PAGE: GET /marcador with {} and HTTP headers {}
D, [2017-10-25T01:24:45.464147 #16004] DEBUG -- : REQUESTING PAGE: POST /PuntoA with {} and HTTP headers {"HTTP_REFERER"=>"/marcador"}
D, [2017-10-25T01:24:45.475157 #16004] DEBUG -- : REQUESTING PAGE: GET /marcador with {} and HTTP headers {}
D, [2017-10-25T01:24:45.480158 #16004] DEBUG -- : REQUESTING PAGE: POST /PuntoA with {} and HTTP headers {"HTTP_REFERER"=>"/marcador"}
D, [2017-10-25T01:24:45.498172 #16004] DEBUG -- : REQUESTING PAGE: POST /PuntoB with {} and HTTP headers {"HTTP_REFERER"=>"/PuntoA"}
D, [2017-10-25T01:24:45.515684 #16004] DEBUG -- : REQUESTING PAGE: POST /Reset with {} and HTTP headers {"HTTP_REFERER"=>"/PuntoB"}
D, [2017-10-25T01:24:45.521688 #16004] DEBUG -- : REQUESTING PAGE: GET /marcador with {} and HTTP headers {}
D, [2017-10-25T01:24:45.558215 #16004] DEBUG -- : REQUESTING PAGE: POST /PuntoA with {} and HTTP headers {"HTTP_REFERER"=>"/marcador"}
D, [2017-10-25T01:24:45.563217 #16004] DEBUG -- : REQUESTING PAGE: POST /PuntoB with {} and HTTP headers {"HTTP_REFERER"=>"/PuntoA"}
D, [2017-10-25T01:24:45.583232 #16004] DEBUG -- : REQUESTING PAGE: POST /PuntoB with {} and HTTP headers {"HTTP_REFERER"=>"/PuntoB"}
D, [2017-10-25T01:24:45.593237 #16004] DEBUG -- : REQUESTING PAGE: POST /PuntoB with {} and HTTP headers {"HTTP_REFERER"=>"/PuntoB"}
D, [2017-10-25T01:24:45.597240 #16004] DEBUG -- : REQUESTING PAGE: POST /Reset with {} and HTTP headers {"HTTP_REFERER"=>"/PuntoB"}
D, [2017-10-25T01:24:45.637275 #16004] DEBUG -- : REQUESTING PAGE: GET /marcador with {} and HTTP headers {}
D, [2017-10-25T01:24:45.643278 #16004] DEBUG -- : REQUESTING PAGE: POST /PuntoB with {} and HTTP headers {"HTTP_REFERER"=>"/marcador"}
D, [2017-10-25T01:24:45.724335 #16004] DEBUG -- : REQUESTING PAGE: GET /marcador with {} and HTTP headers {}
D, [2017-10-25T01:24:45.729341 #16004] DEBUG -- : REQUESTING PAGE: POST /PuntoA with {} and HTTP headers {"HTTP_REFERER"=>"/marcador"}
D, [2017-10-25T01:24:45.735345 #16004] DEBUG -- : REQUESTING PAGE: GET /marcador with {} and HTTP headers {}
D, [2017-10-25T01:24:45.740349 #16004] DEBUG -- : REQUESTING PAGE: POST /PuntoB with {} and HTTP headers {"HTTP_REFERER"=>"/marcador"}
D, [2017-10-25T01:26:42.235037 #2604] DEBUG -- : REQUESTING PAGE: GET /marcador with {} and HTTP headers {}
D, [2017-10-25T01:26:42.300428 #2604] DEBUG -- : REQUESTING PAGE: GET /marcador with {} and HTTP headers {}
D, [2017-10-25T01:26:42.304479 #2604] DEBUG -- : REQUESTING PAGE: GET /marcador with {} and HTTP headers {}
D, [2017-10-25T01:26:42.304479 #2604] DEBUG -- : REQUESTING PAGE: GET /marcador with {} and HTTP headers {}
D, [2017-10-25T01:26:42.304479 #2604] DEBUG -- : REQUESTING PAGE: GET /marcador with {} and HTTP headers {}
D, [2017-10-25T01:26:42.329465 #2604] DEBUG -- : REQUESTING PAGE: GET /marcador with {} and HTTP headers {}
D, [2017-10-25T01:26:42.335851 #2604] DEBUG -- : REQUESTING PAGE: POST /PuntoA with {} and HTTP headers {"HTTP_REFERER"=>"/marcador"}
D, [2017-10-25T01:26:42.369380 #2604] DEBUG -- : REQUESTING PAGE: GET /marcador with {} and HTTP headers {}
D, [2017-10-25T01:26:42.384392 #2604] DEBUG -- : REQUESTING PAGE: POST /PuntoA with {} and HTTP headers {"HTTP_REFERER"=>"/marcador"}
D, [2017-10-25T01:26:42.392401 #2604] DEBUG -- : REQUESTING PAGE: GET /marcador with {} and HTTP headers {}
D, [2017-10-25T01:26:42.402404 #2604] DEBUG -- : REQUESTING PAGE: POST /PuntoA with {} and HTTP headers {"HTTP_REFERER"=>"/marcador"}
D, [2017-10-25T01:26:42.409408 #2604] DEBUG -- : REQUESTING PAGE: GET /marcador with {} and HTTP headers {}
D, [2017-10-25T01:26:42.413411 #2604] DEBUG -- : REQUESTING PAGE: POST /PuntoA with {} and HTTP headers {"HTTP_REFERER"=>"/marcador"}
D, [2017-10-25T01:26:42.419417 #2604] DEBUG -- : REQUESTING PAGE: GET /marcador with {} and HTTP headers {}
D, [2017-10-25T01:26:42.426420 #2604] DEBUG -- : REQUESTING PAGE: POST /PuntoA with {} and HTTP headers {"HTTP_REFERER"=>"/marcador"}
D, [2017-10-25T01:26:42.442432 #2604] DEBUG -- : REQUESTING PAGE: POST /PuntoB with {} and HTTP headers {"HTTP_REFERER"=>"/PuntoA"}
D, [2017-10-25T01:26:42.456441 #2604] DEBUG -- : REQUESTING PAGE: POST /Reset with {} and HTTP headers {"HTTP_REFERER"=>"/PuntoB"}
D, [2017-10-25T01:26:42.471456 #2604] DEBUG -- : REQUESTING PAGE: GET /marcador with {} and HTTP headers {}
D, [2017-10-25T01:26:42.487081 #2604] DEBUG -- : REQUESTING PAGE: POST /PuntoA with {} and HTTP headers {"HTTP_REFERER"=>"/marcador"}
D, [2017-10-25T01:26:42.492084 #2604] DEBUG -- : REQUESTING PAGE: POST /PuntoB with {} and HTTP headers {"HTTP_REFERER"=>"/PuntoA"}
D, [2017-10-25T01:26:42.508094 #2604] DEBUG -- : REQUESTING PAGE: POST /PuntoB with {} and HTTP headers {"HTTP_REFERER"=>"/PuntoB"}
D, [2017-10-25T01:26:42.512097 #2604] DEBUG -- : REQUESTING PAGE: POST /PuntoB with {} and HTTP headers {"HTTP_REFERER"=>"/PuntoB"}
D, [2017-10-25T01:26:42.516099 #2604] DEBUG -- : REQUESTING PAGE: POST /Reset with {} and HTTP headers {"HTTP_REFERER"=>"/PuntoB"}
D, [2017-10-25T01:26:42.532111 #2604] DEBUG -- : REQUESTING PAGE: GET /marcador with {} and HTTP headers {}
D, [2017-10-25T01:26:42.538115 #2604] DEBUG -- : REQUESTING PAGE: POST /PuntoB with {} and HTTP headers {"HTTP_REFERER"=>"/marcador"}
D, [2017-10-25T01:26:42.558127 #2604] DEBUG -- : REQUESTING PAGE: GET /marcador with {} and HTTP headers {}
D, [2017-10-25T01:26:42.562130 #2604] DEBUG -- : REQUESTING PAGE: POST /PuntoA with {} and HTTP headers {"HTTP_REFERER"=>"/marcador"}
D, [2017-10-25T01:26:42.581650 #2604] DEBUG -- : REQUESTING PAGE: GET /marcador with {} and HTTP headers {}
D, [2017-10-25T01:26:42.586656 #2604] DEBUG -- : REQUESTING PAGE: POST /PuntoB with {} and HTTP headers {"HTTP_REFERER"=>"/marcador"}
D, [2017-10-25T01:27:25.790267 #340] DEBUG -- : REQUESTING PAGE: GET /marcador with {} and HTTP headers {}
D, [2017-10-25T01:27:25.865046 #340] DEBUG -- : REQUESTING PAGE: GET /marcador with {} and HTTP headers {}
D, [2017-10-25T01:27:25.865046 #340] DEBUG -- : REQUESTING PAGE: GET /marcador with {} and HTTP headers {}
D, [2017-10-25T01:27:25.881175 #340] DEBUG -- : REQUESTING PAGE: GET /marcador with {} and HTTP headers {}
D, [2017-10-25T01:27:25.890086 #340] DEBUG -- : REQUESTING PAGE: GET /marcador with {} and HTTP headers {}
D, [2017-10-25T01:27:25.898695 #340] DEBUG -- : REQUESTING PAGE: GET /marcador with {} and HTTP headers {}
D, [2017-10-25T01:27:25.902699 #340] DEBUG -- : REQUESTING PAGE: POST /PuntoA with {} and HTTP headers {"HTTP_REFERER"=>"/marcador"}
D, [2017-10-25T01:27:25.924712 #340] DEBUG -- : REQUESTING PAGE: GET /marcador with {} and HTTP headers {}
D, [2017-10-25T01:27:25.943725 #340] DEBUG -- : REQUESTING PAGE: POST /PuntoA with {} and HTTP headers {"HTTP_REFERER"=>"/marcador"}
D, [2017-10-25T01:27:25.949728 #340] DEBUG -- : REQUESTING PAGE: GET /marcador with {} and HTTP headers {}
D, [2017-10-25T01:27:25.954732 #340] DEBUG -- : REQUESTING PAGE: POST /PuntoA with {} and HTTP headers {"HTTP_REFERER"=>"/marcador"}
D, [2017-10-25T01:27:25.962375 #340] DEBUG -- : REQUESTING PAGE: GET /marcador with {} and HTTP headers {}
D, [2017-10-25T01:27:25.971381 #340] DEBUG -- : REQUESTING PAGE: POST /PuntoA with {} and HTTP headers {"HTTP_REFERER"=>"/marcador"}
D, [2017-10-25T01:27:25.977893 #340] DEBUG -- : REQUESTING PAGE: GET /marcador with {} and HTTP headers {}
D, [2017-10-25T01:27:25.982396 #340] DEBUG -- : REQUESTING PAGE: POST /PuntoA with {} and HTTP headers {"HTTP_REFERER"=>"/marcador"}
D, [2017-10-25T01:27:26.006419 #340] DEBUG -- : REQUESTING PAGE: POST /PuntoB with {} and HTTP headers {"HTTP_REFERER"=>"/PuntoA"}
D, [2017-10-25T01:27:26.021429 #340] DEBUG -- : REQUESTING PAGE: POST /Reset with {} and HTTP headers {"HTTP_REFERER"=>"/PuntoB"}
D, [2017-10-25T01:27:26.027433 #340] DEBUG -- : REQUESTING PAGE: GET /marcador with {} and HTTP headers {}
D, [2017-10-25T01:27:26.052448 #340] DEBUG -- : REQUESTING PAGE: POST /PuntoA with {} and HTTP headers {"HTTP_REFERER"=>"/marcador"}
D, [2017-10-25T01:27:26.057453 #340] DEBUG -- : REQUESTING PAGE: POST /PuntoB with {} and HTTP headers {"HTTP_REFERER"=>"/PuntoA"}
D, [2017-10-25T01:27:26.073462 #340] DEBUG -- : REQUESTING PAGE: POST /PuntoB with {} and HTTP headers {"HTTP_REFERER"=>"/PuntoB"}
D, [2017-10-25T01:27:26.078275 #340] DEBUG -- : REQUESTING PAGE: POST /PuntoB with {} and HTTP headers {"HTTP_REFERER"=>"/PuntoB"}
D, [2017-10-25T01:27:26.082778 #340] DEBUG -- : REQUESTING PAGE: POST /Reset with {} and HTTP headers {"HTTP_REFERER"=>"/PuntoB"}
D, [2017-10-25T01:27:26.097983 #340] DEBUG -- : REQUESTING PAGE: GET /marcador with {} and HTTP headers {}
D, [2017-10-25T01:27:26.102986 #340] DEBUG -- : REQUESTING PAGE: POST /PuntoB with {} and HTTP headers {"HTTP_REFERER"=>"/marcador"}
D, [2017-10-25T01:27:26.140629 #340] DEBUG -- : REQUESTING PAGE: GET /marcador with {} and HTTP headers {}
D, [2017-10-25T01:27:26.145631 #340] DEBUG -- : REQUESTING PAGE: POST /PuntoA with {} and HTTP headers {"HTTP_REFERER"=>"/marcador"}
D, [2017-10-25T01:27:26.163644 #340] DEBUG -- : REQUESTING PAGE: GET /marcador with {} and HTTP headers {}
D, [2017-10-25T01:27:26.182657 #340] DEBUG -- : REQUESTING PAGE: POST /PuntoB with {} and HTTP headers {"HTTP_REFERER"=>"/marcador"}
D, [2017-10-25T01:27:26.199172 #340] DEBUG -- : REQUESTING PAGE: GET /marcador with {} and HTTP headers {}
D, [2017-10-25T01:27:26.205176 #340] DEBUG -- : REQUESTING PAGE: POST /PuntoB with {} and HTTP headers {"HTTP_REFERER"=>"/marcador"}
D, [2017-10-25T01:27:40.988812 #12324] DEBUG -- : REQUESTING PAGE: GET /marcador with {} and HTTP headers {}
D, [2017-10-25T01:27:41.058280 #12324] DEBUG -- : REQUESTING PAGE: GET /marcador with {} and HTTP headers {}
D, [2017-10-25T01:27:41.058280 #12324] DEBUG -- : REQUESTING PAGE: GET /marcador with {} and HTTP headers {}
D, [2017-10-25T01:27:41.073906 #12324] DEBUG -- : REQUESTING PAGE: GET /marcador with {} and HTTP headers {}
D, [2017-10-25T01:27:41.083638 #12324] DEBUG -- : REQUESTING PAGE: GET /marcador with {} and HTTP headers {}
D, [2017-10-25T01:27:41.092149 #12324] DEBUG -- : REQUESTING PAGE: GET /marcador with {} and HTTP headers {}
D, [2017-10-25T01:27:41.096153 #12324] DEBUG -- : REQUESTING PAGE: POST /PuntoA with {} and HTTP headers {"HTTP_REFERER"=>"/marcador"}
D, [2017-10-25T01:27:41.113163 #12324] DEBUG -- : REQUESTING PAGE: GET /marcador with {} and HTTP headers {}
D, [2017-10-25T01:27:41.128676 #12324] DEBUG -- : REQUESTING PAGE: POST /PuntoA with {} and HTTP headers {"HTTP_REFERER"=>"/marcador"}
D, [2017-10-25T01:27:41.133680 #12324] DEBUG -- : REQUESTING PAGE: GET /marcador with {} and HTTP headers {}
D, [2017-10-25T01:27:41.146193 #12324] DEBUG -- : REQUESTING PAGE: POST /PuntoA with {} and HTTP headers {"HTTP_REFERER"=>"/marcador"}
D, [2017-10-25T01:27:41.152197 #12324] DEBUG -- : REQUESTING PAGE: GET /marcador with {} and HTTP headers {}
D, [2017-10-25T01:27:41.156198 #12324] DEBUG -- : REQUESTING PAGE: POST /PuntoA with {} and HTTP headers {"HTTP_REFERER"=>"/marcador"}
D, [2017-10-25T01:27:41.164205 #12324] DEBUG -- : REQUESTING PAGE: GET /marcador with {} and HTTP headers {}
D, [2017-10-25T01:27:41.169207 #12324] DEBUG -- : REQUESTING PAGE: POST /PuntoA with {} and HTTP headers {"HTTP_REFERER"=>"/marcador"}
D, [2017-10-25T01:27:41.189221 #12324] DEBUG -- : REQUESTING PAGE: POST /PuntoB with {} and HTTP headers {"HTTP_REFERER"=>"/PuntoA"}
D, [2017-10-25T01:27:41.205233 #12324] DEBUG -- : REQUESTING PAGE: POST /Reset with {} and HTTP headers {"HTTP_REFERER"=>"/PuntoB"}
D, [2017-10-25T01:27:41.215240 #12324] DEBUG -- : REQUESTING PAGE: GET /marcador with {} and HTTP headers {}
D, [2017-10-25T01:27:41.234255 #12324] DEBUG -- : REQUESTING PAGE: POST /PuntoA with {} and HTTP headers {"HTTP_REFERER"=>"/marcador"}
D, [2017-10-25T01:27:41.238260 #12324] DEBUG -- : REQUESTING PAGE: POST /PuntoB with {} and HTTP headers {"HTTP_REFERER"=>"/PuntoA"}
D, [2017-10-25T01:27:41.254270 #12324] DEBUG -- : REQUESTING PAGE: POST /PuntoB with {} and HTTP headers {"HTTP_REFERER"=>"/PuntoB"}
D, [2017-10-25T01:27:41.266279 #12324] DEBUG -- : REQUESTING PAGE: POST /PuntoB with {} and HTTP headers {"HTTP_REFERER"=>"/PuntoB"}
D, [2017-10-25T01:27:41.272283 #12324] DEBUG -- : REQUESTING PAGE: POST /Reset with {} and HTTP headers {"HTTP_REFERER"=>"/PuntoB"}
D, [2017-10-25T01:27:41.290295 #12324] DEBUG -- : REQUESTING PAGE: GET /marcador with {} and HTTP headers {}
D, [2017-10-25T01:27:41.300301 #12324] DEBUG -- : REQUESTING PAGE: POST /PuntoB with {} and HTTP headers {"HTTP_REFERER"=>"/marcador"}
D, [2017-10-25T01:27:41.317311 #12324] DEBUG -- : REQUESTING PAGE: GET /marcador with {} and HTTP headers {}
D, [2017-10-25T01:27:41.328826 #12324] DEBUG -- : REQUESTING PAGE: POST /PuntoB with {} and HTTP headers {"HTTP_REFERER"=>"/marcador"}
D, [2017-10-25T01:27:41.388369 #12324] DEBUG -- : REQUESTING PAGE: GET /marcador with {} and HTTP headers {}
D, [2017-10-25T01:27:41.393374 #12324] DEBUG -- : REQUESTING PAGE: POST /PuntoA with {} and HTTP headers {"HTTP_REFERER"=>"/marcador"}
D, [2017-10-25T01:27:41.399375 #12324] DEBUG -- : REQUESTING PAGE: GET /marcador with {} and HTTP headers {}
D, [2017-10-25T01:27:41.405380 #12324] DEBUG -- : REQUESTING PAGE: POST /PuntoB with {} and HTTP headers {"HTTP_REFERER"=>"/marcador"}
D, [2017-10-25T01:28:04.261089 #13128] DEBUG -- : REQUESTING PAGE: GET /marcador with {} and HTTP headers {}
D, [2017-10-25T01:28:04.337548 #13128] DEBUG -- : REQUESTING PAGE: GET /marcador with {} and HTTP headers {}
D, [2017-10-25T01:28:04.343553 #13128] DEBUG -- : REQUESTING PAGE: GET /marcador with {} and HTTP headers {}
D, [2017-10-25T01:28:04.345806 #13128] DEBUG -- : REQUESTING PAGE: GET /marcador with {} and HTTP headers {}
D, [2017-10-25T01:28:04.345806 #13128] DEBUG -- : REQUESTING PAGE: GET /marcador with {} and HTTP headers {}
D, [2017-10-25T01:28:04.345806 #13128] DEBUG -- : REQUESTING PAGE: GET /marcador with {} and HTTP headers {}
D, [2017-10-25T01:28:04.370818 #13128] DEBUG -- : REQUESTING PAGE: POST /PuntoA with {} and HTTP headers {"HTTP_REFERER"=>"/marcador"}
D, [2017-10-25T01:28:04.382887 #13128] DEBUG -- : REQUESTING PAGE: GET /marcador with {} and HTTP headers {}
D, [2017-10-25T01:28:04.405977 #13128] DEBUG -- : REQUESTING PAGE: POST /PuntoA with {} and HTTP headers {"HTTP_REFERER"=>"/marcador"}
D, [2017-10-25T01:28:04.412982 #13128] DEBUG -- : REQUESTING PAGE: GET /marcador with {} and HTTP headers {}
D, [2017-10-25T01:28:04.416985 #13128] DEBUG -- : REQUESTING PAGE: POST /PuntoA with {} and HTTP headers {"HTTP_REFERER"=>"/marcador"}
D, [2017-10-25T01:28:04.422988 #13128] DEBUG -- : REQUESTING PAGE: GET /marcador with {} and HTTP headers {}
D, [2017-10-25T01:28:04.428997 #13128] DEBUG -- : REQUESTING PAGE: POST /PuntoA with {} and HTTP headers {"HTTP_REFERER"=>"/marcador"}
D, [2017-10-25T01:28:04.445003 #13128] DEBUG -- : REQUESTING PAGE: GET /marcador with {} and HTTP headers {}
D, [2017-10-25T01:28:04.449006 #13128] DEBUG -- : REQUESTING PAGE: POST /PuntoA with {} and HTTP headers {"HTTP_REFERER"=>"/marcador"}
D, [2017-10-25T01:28:04.466016 #13128] DEBUG -- : REQUESTING PAGE: POST /PuntoB with {} and HTTP headers {"HTTP_REFERER"=>"/PuntoA"}
D, [2017-10-25T01:28:04.486540 #13128] DEBUG -- : REQUESTING PAGE: POST /Reset with {} and HTTP headers {"HTTP_REFERER"=>"/PuntoB"}
D, [2017-10-25T01:28:04.493349 #13128] DEBUG -- : REQUESTING PAGE: GET /marcador with {} and HTTP headers {}
D, [2017-10-25T01:28:04.510361 #13128] DEBUG -- : REQUESTING PAGE: POST /PuntoA with {} and HTTP headers {"HTTP_REFERER"=>"/marcador"}
D, [2017-10-25T01:28:04.520367 #13128] DEBUG -- : REQUESTING PAGE: POST /PuntoB with {} and HTTP headers {"HTTP_REFERER"=>"/PuntoA"}
D, [2017-10-25T01:28:04.539380 #13128] DEBUG -- : REQUESTING PAGE: POST /PuntoB with {} and HTTP headers {"HTTP_REFERER"=>"/PuntoB"}
D, [2017-10-25T01:28:04.543384 #13128] DEBUG -- : REQUESTING PAGE: POST /PuntoB with {} and HTTP headers {"HTTP_REFERER"=>"/PuntoB"}
D, [2017-10-25T01:28:04.549386 #13128] DEBUG -- : REQUESTING PAGE: POST /Reset with {} and HTTP headers {"HTTP_REFERER"=>"/PuntoB"}
D, [2017-10-25T01:28:04.566739 #13128] DEBUG -- : REQUESTING PAGE: GET /marcador with {} and HTTP headers {}
D, [2017-10-25T01:28:04.570742 #13128] DEBUG -- : REQUESTING PAGE: POST /PuntoB with {} and HTTP headers {"HTTP_REFERER"=>"/marcador"}
D, [2017-10-25T01:28:04.588757 #13128] DEBUG -- : REQUESTING PAGE: GET /marcador with {} and HTTP headers {}
D, [2017-10-25T01:28:04.598712 #13128] DEBUG -- : REQUESTING PAGE: POST /PuntoB with {} and HTTP headers {"HTTP_REFERER"=>"/marcador"}
D, [2017-10-25T01:28:04.614724 #13128] DEBUG -- : REQUESTING PAGE: GET /marcador with {} and HTTP headers {}
D, [2017-10-25T01:28:04.620728 #13128] DEBUG -- : REQUESTING PAGE: POST /PuntoA with {} and HTTP headers {"HTTP_REFERER"=>"/marcador"}
D, [2017-10-25T01:28:04.640739 #13128] DEBUG -- : REQUESTING PAGE: GET /marcador with {} and HTTP headers {}
D, [2017-10-25T01:28:04.645743 #13128] DEBUG -- : REQUESTING PAGE: POST /PuntoB with {} and HTTP headers {"HTTP_REFERER"=>"/marcador"}
